SF:C:\Users\Stef\Documents\Github\System.Linq.Dynamic.Core\src\System.Linq.Dynamic.Core\Compatibility\CustomIntrospectionExtensions.cs
FN:33,System.Type[] System.Reflection.CustomIntrospectionExtensions::GetGenericTypeArguments(System.Reflection.TypeInfo)
FNDA:0,System.Type[] System.Reflection.CustomIntrospectionExtensions::GetGenericTypeArguments(System.Reflection.TypeInfo)
DA:34,0
DA:35,0
DA:36,0
LF:3
LH:0
BRF:0
BRH:0
FNF:1
FNH:0
end_of_record
SF:C:\Users\Stef\Documents\Github\System.Linq.Dynamic.Core\src\System.Linq.Dynamic.Core\Compatibility\CustomTypeBuilderExtensions.cs
FN:9,System.Type System.Reflection.CustomTypeBuilderExtensions::CreateType(System.Reflection.Emit.TypeBuilder)
FNDA:0,System.Type System.Reflection.CustomTypeBuilderExtensions::CreateType(System.Reflection.Emit.TypeBuilder)
DA:10,0
DA:11,0
DA:12,0
LF:3
LH:0
BRF:0
BRH:0
FNF:1
FNH:0
end_of_record
SF:C:\Users\Stef\Documents\Github\System.Linq.Dynamic.Core\src\System.Linq.Dynamic.Core\Validation\Check.cs
FN:16,T System.Linq.Dynamic.Core.Validation.Check::Condition(T,System.Predicate`1<T>,System.String)
FNDA:0,T System.Linq.Dynamic.Core.Validation.Check::Condition(T,System.Predicate`1<T>,System.String)
DA:17,0
DA:18,0
DA:19,0
DA:21,0
DA:22,0
DA:23,0
DA:25,0
DA:28,0
DA:29,0
BRDA:21,37,0,0
BRDA:21,37,1,0
FN:32,T System.Linq.Dynamic.Core.Validation.Check::NotNull(T,System.String)
FNDA:29,T System.Linq.Dynamic.Core.Validation.Check::NotNull(T,System.String)
DA:33,29
DA:34,29
DA:35,0
DA:36,0
DA:38,0
DA:41,29
DA:42,29
BRDA:34,12,0,0
BRDA:34,12,1,29
FN:48,T System.Linq.Dynamic.Core.Validation.Check::NotNull(T,System.String,System.String)
FNDA:0,T System.Linq.Dynamic.Core.Validation.Check::NotNull(T,System.String,System.String)
DA:49,0
DA:50,0
DA:51,0
DA:52,0
DA:53,0
DA:55,0
DA:58,0
DA:59,0
BRDA:50,12,0,0
BRDA:50,12,1,0
FN:62,System.Collections.Generic.IList`1<T> System.Linq.Dynamic.Core.Validation.Check::NotEmpty(System.Collections.Generic.IList`1<T>,System.String)
FNDA:0,System.Collections.Generic.IList`1<T> System.Linq.Dynamic.Core.Validation.Check::NotEmpty(System.Collections.Generic.IList`1<T>,System.String)
DA:63,0
DA:64,0
DA:66,0
DA:67,0
DA:68,0
DA:70,0
DA:73,0
DA:74,0
BRDA:66,20,0,0
BRDA:66,20,1,0
FN:77,System.String System.Linq.Dynamic.Core.Validation.Check::NotEmpty(System.String,System.String)
FNDA:2,System.String System.Linq.Dynamic.Core.Validation.Check::NotEmpty(System.String,System.String)
DA:78,2
DA:79,2
DA:80,2
DA:81,0
DA:82,0
DA:83,0
DA:84,2
DA:85,0
DA:86,0
DA:87,0
DA:89,2
DA:90,0
DA:91,0
DA:93,0
DA:96,2
DA:97,2
BRDA:80,9,0,0
BRDA:80,9,1,2
BRDA:84,38,0,0
BRDA:84,38,1,2
BRDA:89,60,0,0
BRDA:89,60,1,2
FN:99,System.String System.Linq.Dynamic.Core.Validation.Check::NullButNotEmpty(System.String,System.String)
FNDA:0,System.String System.Linq.Dynamic.Core.Validation.Check::NullButNotEmpty(System.String,System.String)
DA:100,0
DA:101,0
DA:102,0
DA:103,0
DA:104,0
DA:106,0
DA:109,0
DA:110,0
BRDA:101,2,0,0
BRDA:101,2,1,0
BRDA:101,18,0,0
BRDA:101,18,1,0
FN:113,System.Collections.Generic.IList`1<T> System.Linq.Dynamic.Core.Validation.Check::HasNoNulls(System.Collections.Generic.IList`1<T>,System.String)
FNDA:0,System.Collections.Generic.IList`1<T> System.Linq.Dynamic.Core.Validation.Check::HasNoNulls(System.Collections.Generic.IList`1<T>,System.String)
DA:114,0
DA:115,0
DA:117,0
DA:118,0
DA:119,0
DA:121,0
DA:124,0
DA:125,0
BRDA:117,16,0,0
BRDA:117,16,1,0
BRDA:117,48,0,0
BRDA:117,48,1,0
FN:127,System.Type System.Linq.Dynamic.Core.Validation.Check::ValidEntityType(System.Type,System.String)
FNDA:0,System.Type System.Linq.Dynamic.Core.Validation.Check::ValidEntityType(System.Type,System.String)
DA:128,0
DA:129,0
DA:130,0
DA:131,0
DA:133,0
DA:136,0
DA:137,0
BRDA:129,17,0,0
BRDA:129,17,1,0
LF:71
LH:11
BRF:24
BRH:4
FNF:8
FNH:2
end_of_record
SF:C:\Users\Stef\Documents\Github\System.Linq.Dynamic.Core\src\System.Linq.Dynamic.Core\Validation\CoreStrings.cs
FN:12,System.String System.Linq.Dynamic.Core.Validation.CoreStrings::ArgumentPropertyNull(System.String,System.String)
FNDA:0,System.String System.Linq.Dynamic.Core.Validation.CoreStrings::ArgumentPropertyNull(System.String,System.String)
DA:13,0
DA:14,0
DA:15,0
FN:20,System.String System.Linq.Dynamic.Core.Validation.CoreStrings::ArgumentIsEmpty(System.String)
FNDA:0,System.String System.Linq.Dynamic.Core.Validation.CoreStrings::ArgumentIsEmpty(System.String)
DA:21,0
DA:22,0
DA:23,0
FN:28,System.String System.Linq.Dynamic.Core.Validation.CoreStrings::InvalidEntityType(System.Type,System.String)
FNDA:0,System.String System.Linq.Dynamic.Core.Validation.CoreStrings::InvalidEntityType(System.Type,System.String)
DA:29,0
DA:30,0
DA:31,0
FN:36,System.String System.Linq.Dynamic.Core.Validation.CoreStrings::CollectionArgumentIsEmpty(System.String)
FNDA:0,System.String System.Linq.Dynamic.Core.Validation.CoreStrings::CollectionArgumentIsEmpty(System.String)
DA:37,0
DA:38,0
DA:39,0
LF:12
LH:0
BRF:0
BRH:0
FNF:4
FNH:0
end_of_record
SF:C:\Users\Stef\Documents\Github\System.Linq.Dynamic.Core\src\System.Linq.Dynamic.Core\Extensions\LinqProviderExtensions.cs
FN:14,System.Boolean System.Linq.Dynamic.Core.Extensions.LinqProviderExtensions::IsLinqToObjects(System.Linq.IQueryable)
FNDA:0,System.Boolean System.Linq.Dynamic.Core.Extensions.LinqProviderExtensions::IsLinqToObjects(System.Linq.IQueryable)
DA:15,0
DA:16,0
DA:17,0
DA:19,0
DA:20,0
FN:22,System.Boolean System.Linq.Dynamic.Core.Extensions.LinqProviderExtensions::IsProviderEnumerableQuery(System.Linq.IQueryProvider)
FNDA:0,System.Boolean System.Linq.Dynamic.Core.Extensions.LinqProviderExtensions::IsProviderEnumerableQuery(System.Linq.IQueryProvider)
DA:23,0
DA:24,0
DA:28,0
DA:30,0
DA:31,0
DA:33,0
DA:34,0
DA:36,0
DA:37,0
DA:38,0
DA:39,0
DA:41,0
DA:42,0
DA:43,0
DA:46,0
DA:48,0
DA:49,0
BRDA:30,41,0,0
BRDA:33,62,0,0
BRDA:39,97,0,0
BRDA:39,97,1,0
BRDA:33,62,1,0
BRDA:30,41,1,0
LF:22
LH:0
BRF:6
BRH:0
FNF:2
FNH:0
end_of_record
SF:C:\Users\Stef\Documents\Github\System.Linq.Dynamic.Core\src\Microsoft.EntityFrameworkCore.DynamicLinq\DynamicFunctions.cs
FN:26,System.Boolean Microsoft.EntityFrameworkCore.DynamicLinq.DynamicFunctions::Like(System.String,System.String)
FNDA:0,System.Boolean Microsoft.EntityFrameworkCore.DynamicLinq.DynamicFunctions::Like(System.String,System.String)
DA:27,0
FN:47,System.Boolean Microsoft.EntityFrameworkCore.DynamicLinq.DynamicFunctions::Like(System.String,System.String,System.String)
FNDA:0,System.Boolean Microsoft.EntityFrameworkCore.DynamicLinq.DynamicFunctions::Like(System.String,System.String,System.String)
DA:48,0
LF:2
LH:0
BRF:0
BRH:0
FNF:2
FNH:0
end_of_record
SF:C:\Users\Stef\Documents\Github\System.Linq.Dynamic.Core\src\Microsoft.EntityFrameworkCore.DynamicLinq\EFDynamicQueryableExtensions.cs
FN:32,System.Linq.Expressions.Expression Microsoft.EntityFrameworkCore.DynamicLinq.EntityFrameworkDynamicQueryableExtensions::OptimizeExpression(System.Linq.Expressions.Expression)
FNDA:14,System.Linq.Expressions.Expression Microsoft.EntityFrameworkCore.DynamicLinq.EntityFrameworkDynamicQueryableExtensions::OptimizeExpression(System.Linq.Expressions.Expression)
DA:33,14
DA:34,14
DA:35,14
DA:36,14
DA:39,14
DA:40,0
DA:41,0
DA:42,0
DA:43,0
DA:45,14
DA:48,0
DA:49,14
BRDA:34,11,0,14
BRDA:39,35,0,0
BRDA:39,35,1,14
BRDA:34,11,1,0
FN:72,System.Threading.Tasks.Task`1<System.Boolean> Microsoft.EntityFrameworkCore.DynamicLinq.EntityFrameworkDynamicQueryableExtensions::AnyAsync(System.Linq.IQueryable,System.Threading.CancellationToken)
FNDA:2,System.Threading.Tasks.Task`1<System.Boolean> Microsoft.EntityFrameworkCore.DynamicLinq.EntityFrameworkDynamicQueryableExtensions::AnyAsync(System.Linq.IQueryable,System.Threading.CancellationToken)
DA:73,2
DA:74,2
DA:75,2
DA:77,2
DA:78,2
FN:100,System.Threading.Tasks.Task`1<System.Boolean> Microsoft.EntityFrameworkCore.DynamicLinq.EntityFrameworkDynamicQueryableExtensions::AnyAsync(System.Linq.IQueryable,System.String,System.Object[])
FNDA:2,System.Threading.Tasks.Task`1<System.Boolean> Microsoft.EntityFrameworkCore.DynamicLinq.EntityFrameworkDynamicQueryableExtensions::AnyAsync(System.Linq.IQueryable,System.String,System.Object[])
DA:101,2
DA:102,2
DA:103,2
FN:126,System.Threading.Tasks.Task`1<System.Boolean> Microsoft.EntityFrameworkCore.DynamicLinq.EntityFrameworkDynamicQueryableExtensions::AnyAsync(System.Linq.IQueryable,System.String,System.Threading.CancellationToken,System.Object[])
FNDA:2,System.Threading.Tasks.Task`1<System.Boolean> Microsoft.EntityFrameworkCore.DynamicLinq.EntityFrameworkDynamicQueryableExtensions::AnyAsync(System.Linq.IQueryable,System.String,System.Threading.CancellationToken,System.Object[])
DA:127,2
DA:128,2
DA:129,2
DA:130,2
DA:132,2
DA:134,2
DA:135,2
FN:159,System.Threading.Tasks.Task`1<System.Int32> Microsoft.EntityFrameworkCore.DynamicLinq.EntityFrameworkDynamicQueryableExtensions::CountAsync(System.Linq.IQueryable,System.Threading.CancellationToken)
FNDA:0,System.Threading.Tasks.Task`1<System.Int32> Microsoft.EntityFrameworkCore.DynamicLinq.EntityFrameworkDynamicQueryableExtensions::CountAsync(System.Linq.IQueryable,System.Threading.CancellationToken)
DA:160,0
DA:161,0
DA:162,0
DA:164,0
DA:165,0
FN:187,System.Threading.Tasks.Task`1<System.Int32> Microsoft.EntityFrameworkCore.DynamicLinq.EntityFrameworkDynamicQueryableExtensions::CountAsync(System.Linq.IQueryable,System.String,System.Object[])
FNDA:1,System.Threading.Tasks.Task`1<System.Int32> Microsoft.EntityFrameworkCore.DynamicLinq.EntityFrameworkDynamicQueryableExtensions::CountAsync(System.Linq.IQueryable,System.String,System.Object[])
DA:188,1
DA:189,1
DA:190,1
FN:213,System.Threading.Tasks.Task`1<System.Int32> Microsoft.EntityFrameworkCore.DynamicLinq.EntityFrameworkDynamicQueryableExtensions::CountAsync(System.Linq.IQueryable,System.Threading.CancellationToken,System.String,System.Object[])
FNDA:1,System.Threading.Tasks.Task`1<System.Int32> Microsoft.EntityFrameworkCore.DynamicLinq.EntityFrameworkDynamicQueryableExtensions::CountAsync(System.Linq.IQueryable,System.Threading.CancellationToken,System.String,System.Object[])
DA:214,1
DA:215,1
DA:216,1
DA:217,1
DA:219,1
DA:221,1
DA:222,1
FN:246,System.Threading.Tasks.Task`1<System.Object> Microsoft.EntityFrameworkCore.DynamicLinq.EntityFrameworkDynamicQueryableExtensions::FirstAsync(System.Linq.IQueryable,System.Threading.CancellationToken)
FNDA:2,System.Threading.Tasks.Task`1<System.Object> Microsoft.EntityFrameworkCore.DynamicLinq.EntityFrameworkDynamicQueryableExtensions::FirstAsync(System.Linq.IQueryable,System.Threading.CancellationToken)
DA:247,2
DA:248,2
DA:250,2
DA:251,2
FN:273,System.Threading.Tasks.Task`1<System.Object> Microsoft.EntityFrameworkCore.DynamicLinq.EntityFrameworkDynamicQueryableExtensions::FirstAsync(System.Linq.IQueryable,System.String,System.Object[])
FNDA:1,System.Threading.Tasks.Task`1<System.Object> Microsoft.EntityFrameworkCore.DynamicLinq.EntityFrameworkDynamicQueryableExtensions::FirstAsync(System.Linq.IQueryable,System.String,System.Object[])
DA:274,1
DA:275,1
DA:276,1
FN:299,System.Threading.Tasks.Task`1<System.Object> Microsoft.EntityFrameworkCore.DynamicLinq.EntityFrameworkDynamicQueryableExtensions::FirstAsync(System.Linq.IQueryable,System.Threading.CancellationToken,System.String,System.Object[])
FNDA:1,System.Threading.Tasks.Task`1<System.Object> Microsoft.EntityFrameworkCore.DynamicLinq.EntityFrameworkDynamicQueryableExtensions::FirstAsync(System.Linq.IQueryable,System.Threading.CancellationToken,System.String,System.Object[])
DA:300,1
DA:301,1
DA:302,1
DA:304,1
DA:306,1
DA:307,1
FN:332,System.Threading.Tasks.Task`1<System.Object> Microsoft.EntityFrameworkCore.DynamicLinq.EntityFrameworkDynamicQueryableExtensions::FirstOrDefaultAsync(System.Linq.IQueryable,System.Threading.CancellationToken)
FNDA:4,System.Threading.Tasks.Task`1<System.Object> Microsoft.EntityFrameworkCore.DynamicLinq.EntityFrameworkDynamicQueryableExtensions::FirstOrDefaultAsync(System.Linq.IQueryable,System.Threading.CancellationToken)
DA:333,4
DA:334,4
DA:335,4
DA:337,4
DA:338,4
FN:362,System.Threading.Tasks.Task`1<System.Object> Microsoft.EntityFrameworkCore.DynamicLinq.EntityFrameworkDynamicQueryableExtensions::FirstOrDefaultAsync(System.Linq.IQueryable,System.String,System.Object[])
FNDA:2,System.Threading.Tasks.Task`1<System.Object> Microsoft.EntityFrameworkCore.DynamicLinq.EntityFrameworkDynamicQueryableExtensions::FirstOrDefaultAsync(System.Linq.IQueryable,System.String,System.Object[])
DA:363,2
DA:364,2
DA:365,2
FN:390,System.Threading.Tasks.Task`1<System.Object> Microsoft.EntityFrameworkCore.DynamicLinq.EntityFrameworkDynamicQueryableExtensions::FirstOrDefaultAsync(System.Linq.IQueryable,System.Threading.CancellationToken,System.String,System.Object[])
FNDA:2,System.Threading.Tasks.Task`1<System.Object> Microsoft.EntityFrameworkCore.DynamicLinq.EntityFrameworkDynamicQueryableExtensions::FirstOrDefaultAsync(System.Linq.IQueryable,System.Threading.CancellationToken,System.String,System.Object[])
DA:391,2
DA:392,2
DA:393,2
DA:394,2
DA:396,2
DA:398,2
DA:399,2
FN:423,System.Threading.Tasks.Task`1<System.Object> Microsoft.EntityFrameworkCore.DynamicLinq.EntityFrameworkDynamicQueryableExtensions::LastAsync(System.Linq.IQueryable,System.Threading.CancellationToken)
FNDA:0,System.Threading.Tasks.Task`1<System.Object> Microsoft.EntityFrameworkCore.DynamicLinq.EntityFrameworkDynamicQueryableExtensions::LastAsync(System.Linq.IQueryable,System.Threading.CancellationToken)
DA:424,0
DA:425,0
DA:427,0
DA:428,0
FN:450,System.Threading.Tasks.Task`1<System.Object> Microsoft.EntityFrameworkCore.DynamicLinq.EntityFrameworkDynamicQueryableExtensions::LastAsync(System.Linq.IQueryable,System.String,System.Object[])
FNDA:0,System.Threading.Tasks.Task`1<System.Object> Microsoft.EntityFrameworkCore.DynamicLinq.EntityFrameworkDynamicQueryableExtensions::LastAsync(System.Linq.IQueryable,System.String,System.Object[])
DA:451,0
DA:452,0
DA:453,0
FN:476,System.Threading.Tasks.Task`1<System.Object> Microsoft.EntityFrameworkCore.DynamicLinq.EntityFrameworkDynamicQueryableExtensions::LastAsync(System.Linq.IQueryable,System.Threading.CancellationToken,System.String,System.Object[])
FNDA:0,System.Threading.Tasks.Task`1<System.Object> Microsoft.EntityFrameworkCore.DynamicLinq.EntityFrameworkDynamicQueryableExtensions::LastAsync(System.Linq.IQueryable,System.Threading.CancellationToken,System.String,System.Object[])
DA:477,0
DA:478,0
DA:479,0
DA:481,0
DA:483,0
DA:484,0
FN:509,System.Threading.Tasks.Task`1<System.Object> Microsoft.EntityFrameworkCore.DynamicLinq.EntityFrameworkDynamicQueryableExtensions::LastOrDefaultAsync(System.Linq.IQueryable,System.Threading.CancellationToken)
FNDA:0,System.Threading.Tasks.Task`1<System.Object> Microsoft.EntityFrameworkCore.DynamicLinq.EntityFrameworkDynamicQueryableExtensions::LastOrDefaultAsync(System.Linq.IQueryable,System.Threading.CancellationToken)
DA:510,0
DA:511,0
DA:512,0
DA:514,0
DA:515,0
FN:539,System.Threading.Tasks.Task`1<System.Object> Microsoft.EntityFrameworkCore.DynamicLinq.EntityFrameworkDynamicQueryableExtensions::LastOrDefaultAsync(System.Linq.IQueryable,System.String,System.Object[])
FNDA:0,System.Threading.Tasks.Task`1<System.Object> Microsoft.EntityFrameworkCore.DynamicLinq.EntityFrameworkDynamicQueryableExtensions::LastOrDefaultAsync(System.Linq.IQueryable,System.String,System.Object[])
DA:540,0
DA:541,0
DA:542,0
FN:567,System.Threading.Tasks.Task`1<System.Object> Microsoft.EntityFrameworkCore.DynamicLinq.EntityFrameworkDynamicQueryableExtensions::LastOrDefaultAsync(System.Linq.IQueryable,System.Threading.CancellationToken,System.String,System.Object[])
FNDA:0,System.Threading.Tasks.Task`1<System.Object> Microsoft.EntityFrameworkCore.DynamicLinq.EntityFrameworkDynamicQueryableExtensions::LastOrDefaultAsync(System.Linq.IQueryable,System.Threading.CancellationToken,System.String,System.Object[])
DA:568,0
DA:569,0
DA:570,0
DA:571,0
DA:573,0
DA:575,0
DA:576,0
FN:600,System.Threading.Tasks.Task`1<TResult> Microsoft.EntityFrameworkCore.DynamicLinq.EntityFrameworkDynamicQueryableExtensions::ExecuteAsync(System.Reflection.MethodInfo,System.Linq.IQueryable,System.Threading.CancellationToken)
FNDA:8,System.Threading.Tasks.Task`1<TResult> Microsoft.EntityFrameworkCore.DynamicLinq.EntityFrameworkDynamicQueryableExtensions::ExecuteAsync(System.Reflection.MethodInfo,System.Linq.IQueryable,System.Threading.CancellationToken)
DA:601,8
DA:603,8
DA:608,8
DA:609,8
DA:610,8
DA:611,8
DA:612,8
DA:613,8
DA:615,8
DA:616,8
DA:619,0
DA:620,8
BRDA:608,19,0,8
BRDA:610,30,0,8
BRDA:610,30,1,8
BRDA:608,19,1,0
FN:622,System.Threading.Tasks.Task`1<TResult> Microsoft.EntityFrameworkCore.DynamicLinq.EntityFrameworkDynamicQueryableExtensions::ExecuteAsync(System.Reflection.MethodInfo,System.Linq.IQueryable,System.Linq.Expressions.LambdaExpression,System.Threading.CancellationToken)
FNDA:0,System.Threading.Tasks.Task`1<TResult> Microsoft.EntityFrameworkCore.DynamicLinq.EntityFrameworkDynamicQueryableExtensions::ExecuteAsync(System.Reflection.MethodInfo,System.Linq.IQueryable,System.Linq.Expressions.LambdaExpression,System.Threading.CancellationToken)
DA:623,0
FN:625,System.Threading.Tasks.Task`1<TResult> Microsoft.EntityFrameworkCore.DynamicLinq.EntityFrameworkDynamicQueryableExtensions::ExecuteAsync(System.Reflection.MethodInfo,System.Linq.IQueryable,System.Linq.Expressions.Expression,System.Threading.CancellationToken)
FNDA:6,System.Threading.Tasks.Task`1<TResult> Microsoft.EntityFrameworkCore.DynamicLinq.EntityFrameworkDynamicQueryableExtensions::ExecuteAsync(System.Reflection.MethodInfo,System.Linq.IQueryable,System.Linq.Expressions.Expression,System.Threading.CancellationToken)
DA:626,6
DA:628,6
DA:633,6
DA:634,6
DA:635,6
DA:636,6
DA:637,6
DA:638,6
DA:640,6
DA:641,6
DA:644,0
DA:645,6
BRDA:633,19,0,6
BRDA:635,31,0,6
BRDA:635,31,1,0
BRDA:633,19,1,0
FN:647,System.Reflection.MethodInfo Microsoft.EntityFrameworkCore.DynamicLinq.EntityFrameworkDynamicQueryableExtensions::GetMethod(System.String,System.Int32,System.Func`2<System.Reflection.MethodInfo,System.Boolean>)
FNDA:0,System.Reflection.MethodInfo Microsoft.EntityFrameworkCore.DynamicLinq.EntityFrameworkDynamicQueryableExtensions::GetMethod(System.String,System.Int32,System.Func`2<System.Reflection.MethodInfo,System.Boolean>)
DA:648,0
DA:651,36
FN:29,System.Void Microsoft.EntityFrameworkCore.DynamicLinq.EntityFrameworkDynamicQueryableExtensions::.cctor()
FNDA:1,System.Void Microsoft.EntityFrameworkCore.DynamicLinq.EntityFrameworkDynamicQueryableExtensions::.cctor()
DA:30,1
DA:52,1
DA:80,1
DA:139,1
DA:167,1
DA:226,1
DA:253,1
DA:311,1
DA:340,1
DA:403,1
DA:430,1
DA:488,1
DA:517,1
LF:138
LH:96
BRF:20
BRH:10
FNF:24
FNH:16
end_of_record
SF:C:\Users\Stef\Documents\Github\System.Linq.Dynamic.Core\src\System.Linq.Dynamic.Core\Compatibility\CustomIntrospectionExtensions.cs
FN:33,System.Type[] System.Reflection.CustomIntrospectionExtensions::GetGenericTypeArguments(System.Reflection.TypeInfo)
FNDA:3762,System.Type[] System.Reflection.CustomIntrospectionExtensions::GetGenericTypeArguments(System.Reflection.TypeInfo)
DA:34,3762
DA:35,3762
DA:36,3762
LF:3
LH:3
BRF:0
BRH:0
FNF:1
FNH:1
end_of_record
SF:C:\Users\Stef\Documents\Github\System.Linq.Dynamic.Core\src\System.Linq.Dynamic.Core\Compatibility\CustomTypeBuilderExtensions.cs
FN:9,System.Type System.Reflection.CustomTypeBuilderExtensions::CreateType(System.Reflection.Emit.TypeBuilder)
FNDA:33,System.Type System.Reflection.CustomTypeBuilderExtensions::CreateType(System.Reflection.Emit.TypeBuilder)
DA:10,33
DA:11,33
DA:12,33
LF:3
LH:3
BRF:0
BRH:0
FNF:1
FNH:1
end_of_record
SF:C:\Users\Stef\Documents\Github\System.Linq.Dynamic.Core\src\System.Linq.Dynamic.Core\AssemblyBuilderFactory.cs
FN:15,System.Reflection.Emit.AssemblyBuilder System.Linq.Dynamic.Core.AssemblyBuilderFactory::DefineDynamicAssembly(System.Reflection.AssemblyName,System.Reflection.Emit.AssemblyBuilderAccess)
FNDA:1,System.Reflection.Emit.AssemblyBuilder System.Linq.Dynamic.Core.AssemblyBuilderFactory::DefineDynamicAssembly(System.Reflection.AssemblyName,System.Reflection.Emit.AssemblyBuilderAccess)
DA:16,1
DA:20,1
DA:22,1
LF:3
LH:3
BRF:0
BRH:0
FNF:1
FNH:1
end_of_record
SF:C:\Users\Stef\Documents\Github\System.Linq.Dynamic.Core\src\System.Linq.Dynamic.Core\DefaultAssemblyHelper.cs
FN:33,System.Reflection.Assembly[] System.Linq.Dynamic.Core.DefaultAssemblyHelper::GetAssemblies()
FNDA:0,System.Reflection.Assembly[] System.Linq.Dynamic.Core.DefaultAssemblyHelper::GetAssemblies()
DA:34,0
DA:35,0
LF:2
LH:0
BRF:0
BRH:0
FNF:1
FNH:0
end_of_record
SF:C:\Users\Stef\Documents\Github\System.Linq.Dynamic.Core\src\System.Linq.Dynamic.Core\DynamicClass.cs
FN:25,System.Collections.Generic.Dictionary`2<System.String,System.Object> System.Linq.Dynamic.Core.DynamicClass::get_Properties()
FNDA:0,System.Collections.Generic.Dictionary`2<System.String,System.Object> System.Linq.Dynamic.Core.DynamicClass::get_Properties()
DA:26,0
DA:27,0
DA:28,0
DA:29,0
DA:31,0
DA:32,0
DA:33,0
DA:34,0
DA:35,0
DA:37,0
DA:40,0
DA:41,0
DA:42,0
DA:44,0
DA:45,0
BRDA:27,12,0,0
BRDA:31,109,1,0
BRDA:34,69,0,0
BRDA:34,69,1,0
BRDA:31,109,0,0
BRDA:27,12,1,0
FN:54,T System.Linq.Dynamic.Core.DynamicClass::GetDynamicPropertyValue(System.String)
FNDA:18,T System.Linq.Dynamic.Core.DynamicClass::GetDynamicPropertyValue(System.String)
DA:55,18
DA:56,18
DA:57,18
DA:59,18
DA:60,18
FN:67,System.Object System.Linq.Dynamic.Core.DynamicClass::GetDynamicPropertyValue(System.String)
FNDA:0,System.Object System.Linq.Dynamic.Core.DynamicClass::GetDynamicPropertyValue(System.String)
DA:68,0
DA:69,0
DA:70,0
FN:78,System.Void System.Linq.Dynamic.Core.DynamicClass::SetDynamicPropertyValue(System.String,T)
FNDA:0,System.Void System.Linq.Dynamic.Core.DynamicClass::SetDynamicPropertyValue(System.String,T)
DA:79,0
DA:80,0
DA:81,0
DA:83,0
DA:84,0
FN:91,System.Void System.Linq.Dynamic.Core.DynamicClass::SetDynamicPropertyValue(System.String,System.Object)
FNDA:0,System.Void System.Linq.Dynamic.Core.DynamicClass::SetDynamicPropertyValue(System.String,System.Object)
DA:92,0
DA:93,0
DA:94,0
FN:104,System.Object System.Linq.Dynamic.Core.DynamicClass::get_Item(System.String)
FNDA:0,System.Object System.Linq.Dynamic.Core.DynamicClass::get_Item(System.String)
DA:105,0
DA:106,0
DA:107,0
DA:108,0
DA:111,0
DA:112,0
BRDA:106,17,0,0
BRDA:106,17,1,0
FN:114,System.Void System.Linq.Dynamic.Core.DynamicClass::set_Item(System.String,System.Object)
FNDA:0,System.Void System.Linq.Dynamic.Core.DynamicClass::set_Item(System.String,System.Object)
DA:115,0
DA:116,0
DA:117,0
DA:118,0
DA:119,0
DA:121,0
DA:122,0
DA:123,0
DA:124,0
BRDA:116,15,0,0
BRDA:116,15,1,0
FN:133,System.Collections.Generic.IEnumerable`1<System.String> System.Linq.Dynamic.Core.DynamicClass::GetDynamicMemberNames()
FNDA:0,System.Collections.Generic.IEnumerable`1<System.String> System.Linq.Dynamic.Core.DynamicClass::GetDynamicMemberNames()
DA:134,0
DA:135,0
DA:136,0
FN:146,System.Boolean System.Linq.Dynamic.Core.DynamicClass::TryGetMember(System.Dynamic.GetMemberBinder,System.Object&)
FNDA:0,System.Boolean System.Linq.Dynamic.Core.DynamicClass::TryGetMember(System.Dynamic.GetMemberBinder,System.Object&)
DA:147,0
DA:148,0
DA:149,0
DA:151,0
DA:152,0
FN:162,System.Boolean System.Linq.Dynamic.Core.DynamicClass::TrySetMember(System.Dynamic.SetMemberBinder,System.Object)
FNDA:0,System.Boolean System.Linq.Dynamic.Core.DynamicClass::TrySetMember(System.Dynamic.SetMemberBinder,System.Object)
DA:163,0
DA:164,0
DA:165,0
DA:166,0
DA:167,0
DA:168,0
DA:170,0
DA:171,0
DA:172,0
DA:174,0
DA:175,0
BRDA:165,22,0,0
BRDA:165,22,1,0
LF:65
LH:5
BRF:12
BRH:0
FNF:10
FNH:1
end_of_record
SF:C:\Users\Stef\Documents\Github\System.Linq.Dynamic.Core\src\System.Linq.Dynamic.Core\DynamicClassFactory.cs
FN:100,System.Type System.Linq.Dynamic.Core.DynamicClassFactory::CreateType(System.Collections.Generic.IList`1<System.Linq.Dynamic.Core.DynamicProperty>,System.Boolean)
FNDA:48,System.Type System.Linq.Dynamic.Core.DynamicClassFactory::CreateType(System.Collections.Generic.IList`1<System.Linq.Dynamic.Core.DynamicProperty>,System.Boolean)
DA:101,48
DA:102,48
DA:104,147
DA:105,147
DA:107,48
DA:110,48
DA:111,32
DA:115,32
DA:116,33
DA:117,33
DA:118,33
DA:119,33
DA:121,33
DA:123,33
DA:124,33
DA:128,33
DA:129,33
DA:130,108
DA:131,33
DA:132,249
DA:133,75
DA:134,75
DA:135,75
DA:136,33
DA:138,0
DA:139,0
DA:140,0
DA:142,33
DA:145,216
DA:146,75
DA:148,75
DA:149,75
DA:151,75
DA:154,75
DA:155,75
DA:156,75
DA:157,75
DA:158,75
DA:159,75
DA:160,75
DA:163,75
DA:164,75
DA:167,75
DA:169,75
DA:170,75
DA:171,75
DA:172,75
DA:173,75
DA:174,75
DA:175,75
DA:178,33
DA:179,33
DA:180,33
DA:181,33
DA:182,33
DA:183,33
DA:186,33
DA:187,33
DA:188,33
DA:190,33
DA:191,33
DA:192,33
DA:193,33
DA:194,33
DA:195,33
DA:197,33
DA:200,33
DA:201,33
DA:202,33
DA:203,33
DA:205,33
DA:206,0
DA:207,0
DA:208,0
DA:210,33
DA:213,33
DA:215,216
DA:216,75
DA:217,75
DA:218,75
DA:221,33
DA:222,33
DA:224,216
DA:225,75
DA:226,75
DA:229,75
DA:230,75
DA:234,75
DA:235,75
DA:236,75
DA:237,75
DA:238,75
DA:239,75
DA:240,75
DA:243,75
DA:244,75
DA:245,75
DA:246,75
DA:247,75
DA:248,75
DA:249,75
DA:250,75
DA:251,75
DA:252,75
DA:255,75
DA:256,75
DA:257,75
DA:258,75
DA:259,75
DA:260,75
DA:261,75
DA:262,75
DA:263,75
DA:264,75
DA:265,75
DA:267,33
DA:268,26
DA:270,26
DA:271,26
DA:273,26
DA:274,26
DA:275,26
DA:276,26
DA:279,86
DA:280,26
DA:282,26
DA:283,26
DA:284,26
DA:286,172
DA:287,60
DA:288,60
DA:289,60
DA:291,60
DA:292,26
DA:293,26
DA:294,26
DA:295,34
DA:296,17
DA:297,17
DA:298,17
DA:299,17
DA:300,7
DA:301,7
DA:302,7
DA:303,10
DA:304,10
DA:305,10
DA:306,10
DA:308,0
DA:310,0
DA:311,0
DA:313,60
DA:314,60
DA:316,26
DA:317,26
DA:320,33
DA:321,0
DA:322,0
DA:323,0
DA:324,0
DA:325,0
DA:326,0
DA:328,33
DA:329,33
DA:330,33
DA:331,33
DA:332,33
DA:334,33
DA:337,33
DA:338,33
DA:339,33
DA:342,33
DA:343,33
DA:344,33
DA:345,33
DA:346,33
DA:347,33
DA:348,33
DA:350,33
DA:352,33
DA:353,33
DA:354,33
DA:355,33
DA:357,48
DA:358,48
DA:359,48
DA:360,48
DA:362,48
DA:363,48
BRDA:104,20,0,1
BRDA:104,20,1,48
BRDA:105,63,0,1
BRDA:105,63,1,48
BRDA:110,127,0,32
BRDA:117,174,0,33
BRDA:121,194,0,0
BRDA:121,194,1,33
BRDA:128,293,0,33
BRDA:130,303,0,1
BRDA:130,303,1,33
BRDA:132,395,1,75
BRDA:132,395,0,33
BRDA:128,293,1,0
BRDA:145,813,1,75
BRDA:145,813,0,33
BRDA:205,1180,0,0
BRDA:205,1180,1,33
BRDA:215,1253,1,75
BRDA:215,1253,0,33
BRDA:224,1808,1,75
BRDA:256,1613,0,42
BRDA:256,1613,1,33
BRDA:224,1808,0,33
BRDA:267,1818,0,26
BRDA:279,1928,0,1
BRDA:279,1928,1,26
BRDA:286,2239,1,60
BRDA:291,2071,0,26
BRDA:291,2071,1,34
BRDA:295,2099,0,17
BRDA:295,2099,1,17
BRDA:299,2127,0,7
BRDA:299,2127,1,10
BRDA:303,2159,0,10
BRDA:303,2159,1,0
BRDA:286,2239,0,26
BRDA:267,1818,1,33
BRDA:320,2267,0,0
BRDA:320,2267,1,33
BRDA:343,2437,0,33
BRDA:343,2437,1,0
BRDA:117,174,1,33
BRDA:110,127,1,48
BRDA:357,2580,0,48
BRDA:357,2580,1,48
FN:372,System.String System.Linq.Dynamic.Core.DynamicClassFactory::GenerateKey(System.Collections.Generic.IEnumerable`1<System.Linq.Dynamic.Core.DynamicProperty>,System.Boolean)
FNDA:48,System.String System.Linq.Dynamic.Core.DynamicClassFactory::GenerateKey(System.Collections.Generic.IEnumerable`1<System.Linq.Dynamic.Core.DynamicProperty>,System.Boolean)
DA:373,48
DA:376,147
DA:377,48
BRDA:376,18,0,1
BRDA:376,18,1,48
BRDA:376,59,0,7
BRDA:376,59,1,41
FN:379,System.String System.Linq.Dynamic.Core.DynamicClassFactory::Escape(System.String)
FNDA:99,System.String System.Linq.Dynamic.Core.DynamicClassFactory::Escape(System.String)
DA:380,99
DA:382,99
DA:383,99
DA:384,99
DA:385,99
FN:23,System.Void System.Linq.Dynamic.Core.DynamicClassFactory::.cctor()
FNDA:1,System.Void System.Linq.Dynamic.Core.DynamicClassFactory::.cctor()
DA:24,1
DA:26,1
DA:31,1
DA:32,1
DA:33,1
DA:35,1
DA:37,1
DA:42,1
DA:44,1
DA:45,1
DA:51,1
DA:52,1
DA:54,1
DA:55,1
DA:56,1
DA:63,1
DA:65,1
DA:66,1
DA:72,1
DA:73,1
DA:74,1
DA:76,1
DA:77,1
LF:220
LH:205
BRF:50
BRH:44
FNF:4
FNH:4
end_of_record
SF:C:\Users\Stef\Documents\Github\System.Linq.Dynamic.Core\src\System.Linq.Dynamic.Core\DynamicEnumerableAsyncExtensions.cs
FN:22,System.Threading.Tasks.Task`1<System.Object[]> System.Linq.Dynamic.Core.DynamicEnumerableAsyncExtensions::ToDynamicArrayAsync(System.Collections.IEnumerable,System.Type)
FNDA:0,System.Threading.Tasks.Task`1<System.Object[]> System.Linq.Dynamic.Core.DynamicEnumerableAsyncExtensions::ToDynamicArrayAsync(System.Collections.IEnumerable,System.Type)
DA:23,0
DA:24,0
DA:25,0
DA:27,0
DA:28,0
FN:36,System.Threading.Tasks.Task`1<System.Object[]> System.Linq.Dynamic.Core.DynamicEnumerableAsyncExtensions::ToDynamicArrayAsync(System.Collections.IEnumerable)
FNDA:0,System.Threading.Tasks.Task`1<System.Object[]> System.Linq.Dynamic.Core.DynamicEnumerableAsyncExtensions::ToDynamicArrayAsync(System.Collections.IEnumerable)
DA:37,0
DA:38,0
DA:39,0
DA:40,0
FN:49,System.Threading.Tasks.Task`1<T[]> System.Linq.Dynamic.Core.DynamicEnumerableAsyncExtensions::ToDynamicArrayAsync(System.Collections.IEnumerable)
FNDA:0,System.Threading.Tasks.Task`1<T[]> System.Linq.Dynamic.Core.DynamicEnumerableAsyncExtensions::ToDynamicArrayAsync(System.Collections.IEnumerable)
DA:50,0
DA:51,0
DA:52,0
DA:53,0
FN:62,System.Threading.Tasks.Task`1<System.Collections.Generic.List`1<System.Object>> System.Linq.Dynamic.Core.DynamicEnumerableAsyncExtensions::ToDynamicListAsync(System.Collections.IEnumerable,System.Type)
FNDA:0,System.Threading.Tasks.Task`1<System.Collections.Generic.List`1<System.Object>> System.Linq.Dynamic.Core.DynamicEnumerableAsyncExtensions::ToDynamicListAsync(System.Collections.IEnumerable,System.Type)
DA:63,0
DA:64,0
DA:65,0
DA:67,0
DA:68,0
FN:76,System.Threading.Tasks.Task`1<System.Collections.Generic.List`1<System.Object>> System.Linq.Dynamic.Core.DynamicEnumerableAsyncExtensions::ToDynamicListAsync(System.Collections.IEnumerable)
FNDA:0,System.Threading.Tasks.Task`1<System.Collections.Generic.List`1<System.Object>> System.Linq.Dynamic.Core.DynamicEnumerableAsyncExtensions::ToDynamicListAsync(System.Collections.IEnumerable)
DA:77,0
DA:78,0
DA:79,0
DA:80,0
FN:89,System.Threading.Tasks.Task`1<System.Collections.Generic.List`1<T>> System.Linq.Dynamic.Core.DynamicEnumerableAsyncExtensions::ToDynamicListAsync(System.Collections.IEnumerable)
FNDA:0,System.Threading.Tasks.Task`1<System.Collections.Generic.List`1<T>> System.Linq.Dynamic.Core.DynamicEnumerableAsyncExtensions::ToDynamicListAsync(System.Collections.IEnumerable)
DA:90,0
DA:91,0
DA:92,0
DA:93,0
FN:95,System.Threading.Tasks.Task`1<T[]> System.Linq.Dynamic.Core.DynamicEnumerableAsyncExtensions::CastToArrayAsync(System.Collections.IEnumerable)
FNDA:0,System.Threading.Tasks.Task`1<T[]> System.Linq.Dynamic.Core.DynamicEnumerableAsyncExtensions::CastToArrayAsync(System.Collections.IEnumerable)
DA:96,0
DA:97,0
DA:98,0
FN:100,System.Threading.Tasks.Task`1<System.Collections.Generic.List`1<T>> System.Linq.Dynamic.Core.DynamicEnumerableAsyncExtensions::CastToListAsync(System.Collections.IEnumerable)
FNDA:0,System.Threading.Tasks.Task`1<System.Collections.Generic.List`1<T>> System.Linq.Dynamic.Core.DynamicEnumerableAsyncExtensions::CastToListAsync(System.Collections.IEnumerable)
DA:101,0
DA:102,0
DA:103,0
LF:32
LH:0
BRF:0
BRH:0
FNF:8
FNH:0
end_of_record
SF:C:\Users\Stef\Documents\Github\System.Linq.Dynamic.Core\src\System.Linq.Dynamic.Core\DynamicEnumerableExtensions.cs
FN:34,System.Object[] System.Linq.Dynamic.Core.DynamicEnumerableExtensions::ToDynamicArray(System.Collections.IEnumerable)
FNDA:25,System.Object[] System.Linq.Dynamic.Core.DynamicEnumerableExtensions::ToDynamicArray(System.Collections.IEnumerable)
DA:35,25
DA:36,25
DA:37,25
DA:38,25
FN:47,T[] System.Linq.Dynamic.Core.DynamicEnumerableExtensions::ToDynamicArray(System.Collections.IEnumerable)
FNDA:35,T[] System.Linq.Dynamic.Core.DynamicEnumerableExtensions::ToDynamicArray(System.Collections.IEnumerable)
DA:48,35
DA:49,35
DA:50,35
DA:51,35
FN:63,System.Object[] System.Linq.Dynamic.Core.DynamicEnumerableExtensions::ToDynamicArray(System.Collections.IEnumerable,System.Type)
FNDA:5,System.Object[] System.Linq.Dynamic.Core.DynamicEnumerableExtensions::ToDynamicArray(System.Collections.IEnumerable,System.Type)
DA:64,5
DA:65,5
DA:66,5
DA:68,5
DA:72,5
DA:74,5
FN:85,System.Collections.Generic.List`1<System.Object> System.Linq.Dynamic.Core.DynamicEnumerableExtensions::ToDynamicList(System.Collections.IEnumerable)
FNDA:14,System.Collections.Generic.List`1<System.Object> System.Linq.Dynamic.Core.DynamicEnumerableExtensions::ToDynamicList(System.Collections.IEnumerable)
DA:86,14
DA:87,14
DA:91,14
DA:93,14
FN:105,System.Collections.Generic.List`1<System.Object> System.Linq.Dynamic.Core.DynamicEnumerableExtensions::ToDynamicList(System.Collections.IEnumerable,System.Type)
FNDA:4,System.Collections.Generic.List`1<System.Object> System.Linq.Dynamic.Core.DynamicEnumerableExtensions::ToDynamicList(System.Collections.IEnumerable,System.Type)
DA:106,4
DA:107,4
DA:108,4
DA:110,4
DA:111,4
FN:119,System.Collections.Generic.List`1<T> System.Linq.Dynamic.Core.DynamicEnumerableExtensions::ToDynamicList(System.Collections.IEnumerable)
FNDA:7,System.Collections.Generic.List`1<T> System.Linq.Dynamic.Core.DynamicEnumerableExtensions::ToDynamicList(System.Collections.IEnumerable)
DA:120,7
DA:121,7
DA:122,7
DA:123,7
FN:125,T[] System.Linq.Dynamic.Core.DynamicEnumerableExtensions::CastToArray(System.Collections.IEnumerable)
FNDA:65,T[] System.Linq.Dynamic.Core.DynamicEnumerableExtensions::CastToArray(System.Collections.IEnumerable)
DA:126,65
DA:127,65
DA:128,65
FN:130,System.Collections.Generic.List`1<T> System.Linq.Dynamic.Core.DynamicEnumerableExtensions::CastToList(System.Collections.IEnumerable)
FNDA:21,System.Collections.Generic.List`1<T> System.Linq.Dynamic.Core.DynamicEnumerableExtensions::CastToList(System.Collections.IEnumerable)
DA:131,21
DA:132,21
DA:133,21
FN:16,System.Void System.Linq.Dynamic.Core.DynamicEnumerableExtensions::.cctor()
FNDA:1,System.Void System.Linq.Dynamic.Core.DynamicEnumerableExtensions::.cctor()
DA:17,1
DA:18,1
DA:19,3
DA:20,1
LF:37
LH:37
BRF:0
BRH:0
FNF:9
FNH:9
end_of_record
SF:C:\Users\Stef\Documents\Github\System.Linq.Dynamic.Core\src\System.Linq.Dynamic.Core\DynamicExpressionParser.cs
FN:23,System.Linq.Expressions.LambdaExpression System.Linq.Dynamic.Core.DynamicExpressionParser::ParseLambda(System.Linq.Dynamic.Core.ParsingConfig,System.Boolean,System.Type,System.String,System.Object[])
FNDA:4,System.Linq.Expressions.LambdaExpression System.Linq.Dynamic.Core.DynamicExpressionParser::ParseLambda(System.Linq.Dynamic.Core.ParsingConfig,System.Boolean,System.Type,System.String,System.Object[])
DA:24,4
DA:25,4
DA:27,4
DA:29,4
DA:30,4
FN:42,System.Linq.Expressions.Expression`1<System.Func`1<TResult>> System.Linq.Dynamic.Core.DynamicExpressionParser::ParseLambda(System.Linq.Dynamic.Core.ParsingConfig,System.Boolean,System.String,System.Object[])
FNDA:0,System.Linq.Expressions.Expression`1<System.Func`1<TResult>> System.Linq.Dynamic.Core.DynamicExpressionParser::ParseLambda(System.Linq.Dynamic.Core.ParsingConfig,System.Boolean,System.String,System.Object[])
DA:43,0
DA:44,0
DA:45,0
FN:58,System.Linq.Expressions.LambdaExpression System.Linq.Dynamic.Core.DynamicExpressionParser::ParseLambda(System.Linq.Dynamic.Core.ParsingConfig,System.Boolean,System.Linq.Expressions.ParameterExpression[],System.Type,System.String,System.Object[])
FNDA:480,System.Linq.Expressions.LambdaExpression System.Linq.Dynamic.Core.DynamicExpressionParser::ParseLambda(System.Linq.Dynamic.Core.ParsingConfig,System.Boolean,System.Linq.Expressions.ParameterExpression[],System.Type,System.String,System.Object[])
DA:59,480
DA:60,480
DA:61,480
DA:62,480
DA:64,480
DA:66,479
DA:67,446
FN:80,System.Linq.Expressions.Expression`1<System.Func`1<TResult>> System.Linq.Dynamic.Core.DynamicExpressionParser::ParseLambda(System.Linq.Dynamic.Core.ParsingConfig,System.Boolean,System.Linq.Expressions.ParameterExpression[],System.String,System.Object[])
FNDA:0,System.Linq.Expressions.Expression`1<System.Func`1<TResult>> System.Linq.Dynamic.Core.DynamicExpressionParser::ParseLambda(System.Linq.Dynamic.Core.ParsingConfig,System.Boolean,System.Linq.Expressions.ParameterExpression[],System.String,System.Object[])
DA:81,0
DA:82,0
DA:83,0
FN:95,System.Linq.Expressions.LambdaExpression System.Linq.Dynamic.Core.DynamicExpressionParser::ParseLambda(System.Boolean,System.Type,System.Type,System.String,System.Object[])
FNDA:19,System.Linq.Expressions.LambdaExpression System.Linq.Dynamic.Core.DynamicExpressionParser::ParseLambda(System.Boolean,System.Type,System.Type,System.String,System.Object[])
DA:96,19
DA:97,19
DA:98,19
DA:100,19
DA:101,18
FN:114,System.Linq.Expressions.Expression`1<System.Func`2<T,TResult>> System.Linq.Dynamic.Core.DynamicExpressionParser::ParseLambda(System.Linq.Dynamic.Core.ParsingConfig,System.Boolean,System.String,System.Object[])
FNDA:0,System.Linq.Expressions.Expression`1<System.Func`2<T,TResult>> System.Linq.Dynamic.Core.DynamicExpressionParser::ParseLambda(System.Linq.Dynamic.Core.ParsingConfig,System.Boolean,System.String,System.Object[])
DA:115,0
DA:116,0
DA:118,0
DA:119,0
FN:130,System.Linq.Expressions.LambdaExpression System.Linq.Dynamic.Core.DynamicExpressionParser::ParseLambda(System.Linq.Dynamic.Core.ParsingConfig,System.Type,System.String,System.Object[])
FNDA:1,System.Linq.Expressions.LambdaExpression System.Linq.Dynamic.Core.DynamicExpressionParser::ParseLambda(System.Linq.Dynamic.Core.ParsingConfig,System.Type,System.String,System.Object[])
DA:131,1
DA:132,1
DA:133,1
FN:143,System.Linq.Expressions.LambdaExpression System.Linq.Dynamic.Core.DynamicExpressionParser::ParseLambda(System.Type,System.String,System.Object[])
FNDA:3,System.Linq.Expressions.LambdaExpression System.Linq.Dynamic.Core.DynamicExpressionParser::ParseLambda(System.Type,System.String,System.Object[])
DA:144,3
DA:145,3
DA:147,3
DA:148,3
FN:159,System.Linq.Expressions.LambdaExpression System.Linq.Dynamic.Core.DynamicExpressionParser::ParseLambda(System.Type,System.Type,System.String,System.Object[])
FNDA:11,System.Linq.Expressions.LambdaExpression System.Linq.Dynamic.Core.DynamicExpressionParser::ParseLambda(System.Type,System.Type,System.String,System.Object[])
DA:160,11
DA:161,11
DA:162,10
FN:174,System.Linq.Expressions.LambdaExpression System.Linq.Dynamic.Core.DynamicExpressionParser::ParseLambda(System.Linq.Dynamic.Core.ParsingConfig,System.Type,System.Type,System.String,System.Object[])
FNDA:2,System.Linq.Expressions.LambdaExpression System.Linq.Dynamic.Core.DynamicExpressionParser::ParseLambda(System.Linq.Dynamic.Core.ParsingConfig,System.Type,System.Type,System.String,System.Object[])
DA:175,2
DA:176,2
DA:177,2
FN:190,System.Linq.Expressions.LambdaExpression System.Linq.Dynamic.Core.DynamicExpressionParser::ParseLambda(System.Linq.Dynamic.Core.ParsingConfig,System.Boolean,System.Type,System.Type,System.String,System.Object[])
FNDA:432,System.Linq.Expressions.LambdaExpression System.Linq.Dynamic.Core.DynamicExpressionParser::ParseLambda(System.Linq.Dynamic.Core.ParsingConfig,System.Boolean,System.Type,System.Type,System.String,System.Object[])
DA:191,432
DA:192,432
DA:193,432
DA:195,432
DA:196,401
FN:207,System.Linq.Expressions.LambdaExpression System.Linq.Dynamic.Core.DynamicExpressionParser::ParseLambda(System.Linq.Expressions.ParameterExpression[],System.Type,System.String,System.Object[])
FNDA:17,System.Linq.Expressions.LambdaExpression System.Linq.Dynamic.Core.DynamicExpressionParser::ParseLambda(System.Linq.Expressions.ParameterExpression[],System.Type,System.String,System.Object[])
DA:208,17
DA:209,17
DA:210,15
FN:222,System.Linq.Expressions.LambdaExpression System.Linq.Dynamic.Core.DynamicExpressionParser::ParseLambda(System.Linq.Dynamic.Core.ParsingConfig,System.Linq.Expressions.ParameterExpression[],System.Type,System.String,System.Object[])
FNDA:0,System.Linq.Expressions.LambdaExpression System.Linq.Dynamic.Core.DynamicExpressionParser::ParseLambda(System.Linq.Dynamic.Core.ParsingConfig,System.Linq.Expressions.ParameterExpression[],System.Type,System.String,System.Object[])
DA:223,0
DA:224,0
DA:225,0
FN:237,System.Linq.Expressions.LambdaExpression System.Linq.Dynamic.Core.DynamicExpressionParser::ParseLambda(System.Boolean,System.Linq.Expressions.ParameterExpression[],System.Type,System.String,System.Object[])
FNDA:21,System.Linq.Expressions.LambdaExpression System.Linq.Dynamic.Core.DynamicExpressionParser::ParseLambda(System.Boolean,System.Linq.Expressions.ParameterExpression[],System.Type,System.String,System.Object[])
DA:238,21
DA:239,21
DA:240,20
LF:54
LH:41
BRF:0
BRH:0
FNF:14
FNH:10
end_of_record
SF:C:\Users\Stef\Documents\Github\System.Linq.Dynamic.Core\src\System.Linq.Dynamic.Core\DynamicGetMemberBinder.cs
FN:22,System.Dynamic.DynamicMetaObject System.Linq.Dynamic.Core.DynamicGetMemberBinder::FallbackGetMember(System.Dynamic.DynamicMetaObject,System.Dynamic.DynamicMetaObject)
FNDA:1,System.Dynamic.DynamicMetaObject System.Linq.Dynamic.Core.DynamicGetMemberBinder::FallbackGetMember(System.Dynamic.DynamicMetaObject,System.Dynamic.DynamicMetaObject)
DA:23,1
DA:24,1
DA:25,1
DA:26,0
DA:27,0
DA:30,1
DA:31,1
BRDA:25,19,0,0
BRDA:25,19,1,1
FN:17,System.Void System.Linq.Dynamic.Core.DynamicGetMemberBinder::.ctor(System.String)
FNDA:1,System.Void System.Linq.Dynamic.Core.DynamicGetMemberBinder::.ctor(System.String)
DA:18,1
DA:19,1
DA:20,1
FN:14,System.Void System.Linq.Dynamic.Core.DynamicGetMemberBinder::.cctor()
FNDA:1,System.Void System.Linq.Dynamic.Core.DynamicGetMemberBinder::.cctor()
DA:15,1
LF:11
LH:9
BRF:2
BRH:1
FNF:3
FNH:3
end_of_record
SF:C:\Users\Stef\Documents\Github\System.Linq.Dynamic.Core\src\System.Linq.Dynamic.Core\DynamicProperty.cs
FN:24,System.String System.Linq.Dynamic.Core.DynamicProperty::get_Name()
FNDA:223,System.String System.Linq.Dynamic.Core.DynamicProperty::get_Name()
DA:25,223
FN:32,System.Type System.Linq.Dynamic.Core.DynamicProperty::get_Type()
FNDA:198,System.Type System.Linq.Dynamic.Core.DynamicProperty::get_Type()
DA:33,198
FN:12,System.Void System.Linq.Dynamic.Core.DynamicProperty::.ctor(System.String,System.Type)
FNDA:122,System.Void System.Linq.Dynamic.Core.DynamicProperty::.ctor(System.String,System.Type)
DA:13,122
DA:14,122
DA:15,122
DA:16,122
DA:17,122
LF:7
LH:7
BRF:0
BRH:0
FNF:3
FNH:3
end_of_record
SF:C:\Users\Stef\Documents\Github\System.Linq.Dynamic.Core\src\System.Linq.Dynamic.Core\DynamicQueryableExtensions.cs
FN:33,System.Linq.Expressions.Expression System.Linq.Dynamic.Core.DynamicQueryableExtensions::OptimizeExpression(System.Linq.Expressions.Expression)
FNDA:549,System.Linq.Expressions.Expression System.Linq.Dynamic.Core.DynamicQueryableExtensions::OptimizeExpression(System.Linq.Expressions.Expression)
DA:34,549
DA:35,549
DA:36,548
DA:37,548
DA:40,548
DA:41,0
DA:42,0
DA:43,0
DA:44,0
DA:46,548
DA:49,1
DA:50,549
BRDA:35,11,0,548
BRDA:40,35,0,0
BRDA:40,35,1,548
BRDA:35,11,1,1
FN:60,System.Object System.Linq.Dynamic.Core.DynamicQueryableExtensions::Aggregate(System.Linq.IQueryable,System.String,System.String)
FNDA:12,System.Object System.Linq.Dynamic.Core.DynamicQueryableExtensions::Aggregate(System.Linq.IQueryable,System.String,System.String)
DA:61,12
DA:62,12
DA:63,12
DA:64,12
DA:67,12
DA:68,12
DA:69,12
DA:73,2370
DA:76,12
DA:77,84
DA:78,84
DA:79,12
DA:80,84
DA:81,84
DA:84,12
DA:85,6
DA:86,6
DA:87,6
DA:88,6
DA:89,6
DA:90,6
DA:94,18
DA:96,6
DA:97,6
DA:98,6
DA:99,6
DA:100,6
DA:101,12
BRDA:84,183,0,6
BRDA:84,183,1,6
FN:118,System.Boolean System.Linq.Dynamic.Core.DynamicQueryableExtensions::Any(System.Linq.IQueryable)
FNDA:10,System.Boolean System.Linq.Dynamic.Core.DynamicQueryableExtensions::Any(System.Linq.IQueryable)
DA:119,10
DA:120,10
DA:122,10
DA:123,10
FN:144,System.Boolean System.Linq.Dynamic.Core.DynamicQueryableExtensions::Any(System.Linq.IQueryable,System.Linq.Dynamic.Core.ParsingConfig,System.String,System.Object[])
FNDA:5,System.Boolean System.Linq.Dynamic.Core.DynamicQueryableExtensions::Any(System.Linq.IQueryable,System.Linq.Dynamic.Core.ParsingConfig,System.String,System.Object[])
DA:145,5
DA:146,5
DA:147,5
DA:149,5
DA:150,5
DA:152,5
DA:153,5
FN:156,System.Boolean System.Linq.Dynamic.Core.DynamicQueryableExtensions::Any(System.Linq.IQueryable,System.String,System.Object[])
FNDA:4,System.Boolean System.Linq.Dynamic.Core.DynamicQueryableExtensions::Any(System.Linq.IQueryable,System.String,System.Object[])
DA:157,4
DA:158,4
DA:159,4
FN:167,System.Boolean System.Linq.Dynamic.Core.DynamicQueryableExtensions::Any(System.Linq.IQueryable,System.Linq.Expressions.LambdaExpression)
FNDA:1,System.Boolean System.Linq.Dynamic.Core.DynamicQueryableExtensions::Any(System.Linq.IQueryable,System.Linq.Expressions.LambdaExpression)
DA:168,1
DA:169,1
DA:170,1
DA:172,1
DA:173,1
FN:214,System.Int32 System.Linq.Dynamic.Core.DynamicQueryableExtensions::Count(System.Linq.IQueryable)
FNDA:36,System.Int32 System.Linq.Dynamic.Core.DynamicQueryableExtensions::Count(System.Linq.IQueryable)
DA:215,36
DA:216,36
DA:218,36
DA:219,36
FN:240,System.Int32 System.Linq.Dynamic.Core.DynamicQueryableExtensions::Count(System.Linq.IQueryable,System.Linq.Dynamic.Core.ParsingConfig,System.String,System.Object[])
FNDA:3,System.Int32 System.Linq.Dynamic.Core.DynamicQueryableExtensions::Count(System.Linq.IQueryable,System.Linq.Dynamic.Core.ParsingConfig,System.String,System.Object[])
DA:241,3
DA:242,3
DA:243,3
DA:245,3
DA:246,3
DA:248,3
DA:249,3
FN:252,System.Int32 System.Linq.Dynamic.Core.DynamicQueryableExtensions::Count(System.Linq.IQueryable,System.String,System.Object[])
FNDA:3,System.Int32 System.Linq.Dynamic.Core.DynamicQueryableExtensions::Count(System.Linq.IQueryable,System.String,System.Object[])
DA:253,3
DA:254,3
DA:255,3
FN:263,System.Int32 System.Linq.Dynamic.Core.DynamicQueryableExtensions::Count(System.Linq.IQueryable,System.Linq.Expressions.LambdaExpression)
FNDA:1,System.Int32 System.Linq.Dynamic.Core.DynamicQueryableExtensions::Count(System.Linq.IQueryable,System.Linq.Expressions.LambdaExpression)
DA:264,1
DA:265,1
DA:266,1
DA:268,1
DA:269,1
FN:286,System.Linq.IQueryable System.Linq.Dynamic.Core.DynamicQueryableExtensions::DefaultIfEmpty(System.Linq.IQueryable)
FNDA:4,System.Linq.IQueryable System.Linq.Dynamic.Core.DynamicQueryableExtensions::DefaultIfEmpty(System.Linq.IQueryable)
DA:287,4
DA:288,4
DA:290,4
DA:291,4
FN:304,System.Linq.IQueryable System.Linq.Dynamic.Core.DynamicQueryableExtensions::DefaultIfEmpty(System.Linq.IQueryable,System.Object)
FNDA:4,System.Linq.IQueryable System.Linq.Dynamic.Core.DynamicQueryableExtensions::DefaultIfEmpty(System.Linq.IQueryable,System.Object)
DA:305,4
DA:306,4
DA:308,4
DA:309,4
FN:327,System.Linq.IQueryable System.Linq.Dynamic.Core.DynamicQueryableExtensions::Distinct(System.Linq.IQueryable)
FNDA:2,System.Linq.IQueryable System.Linq.Dynamic.Core.DynamicQueryableExtensions::Distinct(System.Linq.IQueryable)
DA:328,2
DA:329,2
DA:331,2
DA:332,2
FN:347,System.Object System.Linq.Dynamic.Core.DynamicQueryableExtensions::First(System.Linq.IQueryable)
FNDA:16,System.Object System.Linq.Dynamic.Core.DynamicQueryableExtensions::First(System.Linq.IQueryable)
DA:348,16
DA:349,16
DA:351,16
DA:352,16
FN:369,System.Object System.Linq.Dynamic.Core.DynamicQueryableExtensions::First(System.Linq.IQueryable,System.Linq.Dynamic.Core.ParsingConfig,System.String,System.Object[])
FNDA:5,System.Object System.Linq.Dynamic.Core.DynamicQueryableExtensions::First(System.Linq.IQueryable,System.Linq.Dynamic.Core.ParsingConfig,System.String,System.Object[])
DA:370,5
DA:371,5
DA:372,5
DA:374,5
DA:375,5
DA:377,5
DA:378,5
FN:385,System.Object System.Linq.Dynamic.Core.DynamicQueryableExtensions::First(System.Linq.IQueryable,System.String,System.Object[])
FNDA:4,System.Object System.Linq.Dynamic.Core.DynamicQueryableExtensions::First(System.Linq.IQueryable,System.String,System.Object[])
DA:386,4
DA:387,4
DA:388,4
FN:400,System.Object System.Linq.Dynamic.Core.DynamicQueryableExtensions::First(System.Linq.IQueryable,System.Linq.Expressions.LambdaExpression)
FNDA:1,System.Object System.Linq.Dynamic.Core.DynamicQueryableExtensions::First(System.Linq.IQueryable,System.Linq.Expressions.LambdaExpression)
DA:401,1
DA:402,1
DA:403,1
DA:404,1
FN:419,System.Object System.Linq.Dynamic.Core.DynamicQueryableExtensions::FirstOrDefault(System.Linq.IQueryable)
FNDA:12,System.Object System.Linq.Dynamic.Core.DynamicQueryableExtensions::FirstOrDefault(System.Linq.IQueryable)
DA:420,12
DA:421,12
DA:423,12
DA:424,12
FN:439,System.Object System.Linq.Dynamic.Core.DynamicQueryableExtensions::FirstOrDefault(System.Linq.IQueryable,System.Linq.Dynamic.Core.ParsingConfig,System.String,System.Object[])
FNDA:39,System.Object System.Linq.Dynamic.Core.DynamicQueryableExtensions::FirstOrDefault(System.Linq.IQueryable,System.Linq.Dynamic.Core.ParsingConfig,System.String,System.Object[])
DA:440,39
DA:441,39
DA:442,39
DA:444,39
DA:445,39
DA:447,39
DA:448,39
FN:455,System.Object System.Linq.Dynamic.Core.DynamicQueryableExtensions::FirstOrDefault(System.Linq.IQueryable,System.String,System.Object[])
FNDA:38,System.Object System.Linq.Dynamic.Core.DynamicQueryableExtensions::FirstOrDefault(System.Linq.IQueryable,System.String,System.Object[])
DA:456,38
DA:457,38
DA:458,38
FN:470,System.Object System.Linq.Dynamic.Core.DynamicQueryableExtensions::FirstOrDefault(System.Linq.IQueryable,System.Linq.Expressions.LambdaExpression)
FNDA:1,System.Object System.Linq.Dynamic.Core.DynamicQueryableExtensions::FirstOrDefault(System.Linq.IQueryable,System.Linq.Expressions.LambdaExpression)
DA:471,1
DA:472,1
DA:474,1
DA:475,1
FN:497,System.Linq.IQueryable System.Linq.Dynamic.Core.DynamicQueryableExtensions::GroupBy(System.Linq.IQueryable,System.Linq.Dynamic.Core.ParsingConfig,System.String,System.String,System.Object[])
FNDA:5,System.Linq.IQueryable System.Linq.Dynamic.Core.DynamicQueryableExtensions::GroupBy(System.Linq.IQueryable,System.Linq.Dynamic.Core.ParsingConfig,System.String,System.String,System.Object[])
DA:498,5
DA:499,5
DA:500,5
DA:501,5
DA:503,5
DA:504,5
DA:505,5
DA:507,5
DA:508,5
DA:509,5
DA:510,5
DA:512,5
DA:513,5
BRDA:503,38,0,5
BRDA:503,38,1,0
FN:517,System.Linq.IQueryable System.Linq.Dynamic.Core.DynamicQueryableExtensions::GroupBy(System.Linq.IQueryable,System.String,System.String,System.Object[])
FNDA:0,System.Linq.IQueryable System.Linq.Dynamic.Core.DynamicQueryableExtensions::GroupBy(System.Linq.IQueryable,System.String,System.String,System.Object[])
DA:518,0
DA:519,0
DA:520,0
FN:537,System.Linq.IQueryable System.Linq.Dynamic.Core.DynamicQueryableExtensions::GroupBy(System.Linq.IQueryable,System.Linq.Dynamic.Core.ParsingConfig,System.String,System.String)
FNDA:8,System.Linq.IQueryable System.Linq.Dynamic.Core.DynamicQueryableExtensions::GroupBy(System.Linq.IQueryable,System.Linq.Dynamic.Core.ParsingConfig,System.String,System.String)
DA:538,8
DA:539,8
DA:540,8
DA:541,8
DA:543,5
DA:544,5
FN:547,System.Linq.IQueryable System.Linq.Dynamic.Core.DynamicQueryableExtensions::GroupBy(System.Linq.IQueryable,System.String,System.String)
FNDA:8,System.Linq.IQueryable System.Linq.Dynamic.Core.DynamicQueryableExtensions::GroupBy(System.Linq.IQueryable,System.String,System.String)
DA:548,8
DA:549,8
DA:550,5
FN:568,System.Linq.IQueryable System.Linq.Dynamic.Core.DynamicQueryableExtensions::GroupBy(System.Linq.IQueryable,System.Linq.Dynamic.Core.ParsingConfig,System.String,System.Object[])
FNDA:18,System.Linq.IQueryable System.Linq.Dynamic.Core.DynamicQueryableExtensions::GroupBy(System.Linq.IQueryable,System.Linq.Dynamic.Core.ParsingConfig,System.String,System.Object[])
DA:569,18
DA:570,18
DA:571,17
DA:573,14
DA:574,14
DA:576,9
DA:577,9
DA:578,9
DA:580,9
DA:581,9
BRDA:573,26,0,13
BRDA:573,26,1,1
FN:585,System.Linq.IQueryable System.Linq.Dynamic.Core.DynamicQueryableExtensions::GroupBy(System.Linq.IQueryable,System.String,System.Object[])
FNDA:17,System.Linq.IQueryable System.Linq.Dynamic.Core.DynamicQueryableExtensions::GroupBy(System.Linq.IQueryable,System.String,System.Object[])
DA:586,17
DA:587,17
DA:588,8
FN:601,System.Collections.Generic.IEnumerable`1<System.Linq.Dynamic.Core.GroupResult> System.Linq.Dynamic.Core.DynamicQueryableExtensions::GroupByMany(System.Collections.Generic.IEnumerable`1<TElement>,System.Linq.Dynamic.Core.ParsingConfig,System.String[])
FNDA:1,System.Collections.Generic.IEnumerable`1<System.Linq.Dynamic.Core.GroupResult> System.Linq.Dynamic.Core.DynamicQueryableExtensions::GroupByMany(System.Collections.Generic.IEnumerable`1<TElement>,System.Linq.Dynamic.Core.ParsingConfig,System.String[])
DA:602,1
DA:603,1
DA:604,1
DA:606,1
DA:608,1
DA:609,7
DA:610,2
DA:611,2
DA:612,2
DA:613,2
DA:615,1
DA:616,1
BRDA:609,113,1,2
BRDA:609,113,0,1
FN:619,System.Collections.Generic.IEnumerable`1<System.Linq.Dynamic.Core.GroupResult> System.Linq.Dynamic.Core.DynamicQueryableExtensions::GroupByMany(System.Collections.Generic.IEnumerable`1<TElement>,System.String[])
FNDA:1,System.Collections.Generic.IEnumerable`1<System.Linq.Dynamic.Core.GroupResult> System.Linq.Dynamic.Core.DynamicQueryableExtensions::GroupByMany(System.Collections.Generic.IEnumerable`1<TElement>,System.String[])
DA:620,1
DA:621,1
DA:622,1
FN:632,System.Collections.Generic.IEnumerable`1<System.Linq.Dynamic.Core.GroupResult> System.Linq.Dynamic.Core.DynamicQueryableExtensions::GroupByMany(System.Collections.Generic.IEnumerable`1<TElement>,System.Func`2<TElement,System.Object>[])
FNDA:1,System.Collections.Generic.IEnumerable`1<System.Linq.Dynamic.Core.GroupResult> System.Linq.Dynamic.Core.DynamicQueryableExtensions::GroupByMany(System.Collections.Generic.IEnumerable`1<TElement>,System.Func`2<TElement,System.Object>[])
DA:633,1
DA:634,1
DA:635,1
DA:637,1
DA:638,1
FN:640,System.Collections.Generic.IEnumerable`1<System.Linq.Dynamic.Core.GroupResult> System.Linq.Dynamic.Core.DynamicQueryableExtensions::GroupByManyInternal(System.Collections.Generic.IEnumerable`1<TElement>,System.Func`2<TElement,System.Object>[],System.Int32)
FNDA:15,System.Collections.Generic.IEnumerable`1<System.Linq.Dynamic.Core.GroupResult> System.Linq.Dynamic.Core.DynamicQueryableExtensions::GroupByManyInternal(System.Collections.Generic.IEnumerable`1<TElement>,System.Func`2<TElement,System.Object>[],System.Int32)
DA:641,15
DA:642,21
DA:644,9
DA:646,9
DA:647,22
DA:648,22
DA:649,22
DA:650,22
DA:651,22
DA:652,22
DA:653,22
DA:655,9
DA:656,15
BRDA:642,42,0,6
BRDA:642,42,1,9
FN:671,System.Linq.IQueryable System.Linq.Dynamic.Core.DynamicQueryableExtensions::GroupJoin(System.Linq.IQueryable,System.Linq.Dynamic.Core.ParsingConfig,System.Collections.IEnumerable,System.String,System.String,System.String,System.Object[])
FNDA:6,System.Linq.IQueryable System.Linq.Dynamic.Core.DynamicQueryableExtensions::GroupJoin(System.Linq.IQueryable,System.Linq.Dynamic.Core.ParsingConfig,System.Collections.IEnumerable,System.String,System.String,System.String,System.Object[])
DA:672,6
DA:673,6
DA:674,6
DA:675,6
DA:676,6
DA:677,6
DA:679,6
DA:680,6
DA:682,6
DA:683,6
DA:684,6
DA:686,6
DA:688,5
DA:689,5
DA:690,5
DA:691,5
DA:692,5
DA:694,5
DA:696,5
DA:697,5
DA:698,5
DA:699,5
DA:700,5
DA:701,5
DA:702,5
DA:703,5
DA:704,5
BRDA:682,83,0,6
BRDA:682,83,1,0
FN:707,System.Linq.IQueryable System.Linq.Dynamic.Core.DynamicQueryableExtensions::GroupJoin(System.Linq.IQueryable,System.Collections.IEnumerable,System.String,System.String,System.String,System.Object[])
FNDA:6,System.Linq.IQueryable System.Linq.Dynamic.Core.DynamicQueryableExtensions::GroupJoin(System.Linq.IQueryable,System.Collections.IEnumerable,System.String,System.String,System.String,System.Object[])
DA:708,6
DA:709,6
DA:710,5
FN:725,System.Linq.IQueryable System.Linq.Dynamic.Core.DynamicQueryableExtensions::Join(System.Linq.IQueryable,System.Linq.Dynamic.Core.ParsingConfig,System.Collections.IEnumerable,System.String,System.String,System.String,System.Object[])
FNDA:4,System.Linq.IQueryable System.Linq.Dynamic.Core.DynamicQueryableExtensions::Join(System.Linq.IQueryable,System.Linq.Dynamic.Core.ParsingConfig,System.Collections.IEnumerable,System.String,System.String,System.String,System.Object[])
DA:726,4
DA:729,4
DA:730,4
DA:731,4
DA:732,4
DA:733,4
DA:735,4
DA:736,4
DA:738,4
DA:739,4
DA:740,4
DA:742,4
DA:744,3
DA:745,3
DA:746,3
DA:747,3
DA:748,3
DA:750,3
DA:752,3
DA:753,3
DA:754,3
DA:755,3
DA:756,3
DA:757,3
DA:758,3
DA:759,3
DA:760,3
DA:762,3
DA:763,3
BRDA:738,83,0,4
BRDA:738,83,1,0
FN:766,System.Linq.IQueryable System.Linq.Dynamic.Core.DynamicQueryableExtensions::Join(System.Linq.IQueryable,System.Collections.IEnumerable,System.String,System.String,System.String,System.Object[])
FNDA:4,System.Linq.IQueryable System.Linq.Dynamic.Core.DynamicQueryableExtensions::Join(System.Linq.IQueryable,System.Collections.IEnumerable,System.String,System.String,System.String,System.Object[])
DA:767,4
DA:768,4
DA:769,3
FN:784,System.Linq.IQueryable`1<TElement> System.Linq.Dynamic.Core.DynamicQueryableExtensions::Join(System.Linq.IQueryable`1<TElement>,System.Linq.Dynamic.Core.ParsingConfig,System.Collections.Generic.IEnumerable`1<TElement>,System.String,System.String,System.String,System.Object[])
FNDA:0,System.Linq.IQueryable`1<TElement> System.Linq.Dynamic.Core.DynamicQueryableExtensions::Join(System.Linq.IQueryable`1<TElement>,System.Linq.Dynamic.Core.ParsingConfig,System.Collections.Generic.IEnumerable`1<TElement>,System.String,System.String,System.String,System.Object[])
DA:785,0
DA:786,0
DA:787,0
FN:790,System.Linq.IQueryable`1<TElement> System.Linq.Dynamic.Core.DynamicQueryableExtensions::Join(System.Linq.IQueryable`1<TElement>,System.Collections.Generic.IEnumerable`1<TElement>,System.String,System.String,System.String,System.Object[])
FNDA:0,System.Linq.IQueryable`1<TElement> System.Linq.Dynamic.Core.DynamicQueryableExtensions::Join(System.Linq.IQueryable`1<TElement>,System.Collections.Generic.IEnumerable`1<TElement>,System.String,System.String,System.String,System.Object[])
DA:791,0
DA:792,0
DA:793,0
FN:807,System.Object System.Linq.Dynamic.Core.DynamicQueryableExtensions::Last(System.Linq.IQueryable)
FNDA:7,System.Object System.Linq.Dynamic.Core.DynamicQueryableExtensions::Last(System.Linq.IQueryable)
DA:808,7
DA:809,7
DA:811,7
DA:812,7
FN:828,System.Object System.Linq.Dynamic.Core.DynamicQueryableExtensions::Last(System.Linq.IQueryable,System.Linq.Dynamic.Core.ParsingConfig,System.String,System.Object[])
FNDA:2,System.Object System.Linq.Dynamic.Core.DynamicQueryableExtensions::Last(System.Linq.IQueryable,System.Linq.Dynamic.Core.ParsingConfig,System.String,System.Object[])
DA:829,2
DA:830,2
DA:831,2
DA:833,2
DA:834,2
DA:836,2
DA:837,2
FN:844,System.Object System.Linq.Dynamic.Core.DynamicQueryableExtensions::Last(System.Linq.IQueryable,System.String,System.Object[])
FNDA:1,System.Object System.Linq.Dynamic.Core.DynamicQueryableExtensions::Last(System.Linq.IQueryable,System.String,System.Object[])
DA:845,1
DA:846,1
DA:847,1
FN:860,System.Object System.Linq.Dynamic.Core.DynamicQueryableExtensions::Last(System.Linq.IQueryable,System.Linq.Expressions.LambdaExpression)
FNDA:1,System.Object System.Linq.Dynamic.Core.DynamicQueryableExtensions::Last(System.Linq.IQueryable,System.Linq.Expressions.LambdaExpression)
DA:861,1
DA:862,1
DA:863,1
DA:864,1
FN:878,System.Object System.Linq.Dynamic.Core.DynamicQueryableExtensions::LastOrDefault(System.Linq.IQueryable)
FNDA:1,System.Object System.Linq.Dynamic.Core.DynamicQueryableExtensions::LastOrDefault(System.Linq.IQueryable)
DA:879,1
DA:880,1
DA:882,1
DA:883,1
FN:899,System.Object System.Linq.Dynamic.Core.DynamicQueryableExtensions::LastOrDefault(System.Linq.IQueryable,System.Linq.Dynamic.Core.ParsingConfig,System.String,System.Object[])
FNDA:2,System.Object System.Linq.Dynamic.Core.DynamicQueryableExtensions::LastOrDefault(System.Linq.IQueryable,System.Linq.Dynamic.Core.ParsingConfig,System.String,System.Object[])
DA:900,2
DA:901,2
DA:902,2
DA:904,2
DA:905,2
DA:907,2
DA:908,2
FN:915,System.Object System.Linq.Dynamic.Core.DynamicQueryableExtensions::LastOrDefault(System.Linq.IQueryable,System.String,System.Object[])
FNDA:2,System.Object System.Linq.Dynamic.Core.DynamicQueryableExtensions::LastOrDefault(System.Linq.IQueryable,System.String,System.Object[])
DA:916,2
DA:917,2
DA:918,2
FN:930,System.Object System.Linq.Dynamic.Core.DynamicQueryableExtensions::LastOrDefault(System.Linq.IQueryable,System.Linq.Expressions.LambdaExpression)
FNDA:1,System.Object System.Linq.Dynamic.Core.DynamicQueryableExtensions::LastOrDefault(System.Linq.IQueryable,System.Linq.Expressions.LambdaExpression)
DA:931,1
DA:932,1
DA:933,1
DA:934,1
FN:956,System.Linq.IOrderedQueryable`1<TSource> System.Linq.Dynamic.Core.DynamicQueryableExtensions::OrderBy(System.Linq.IQueryable`1<TSource>,System.Linq.Dynamic.Core.ParsingConfig,System.String,System.Object[])
FNDA:15,System.Linq.IOrderedQueryable`1<TSource> System.Linq.Dynamic.Core.DynamicQueryableExtensions::OrderBy(System.Linq.IQueryable`1<TSource>,System.Linq.Dynamic.Core.ParsingConfig,System.String,System.Object[])
DA:957,15
DA:958,15
DA:959,11
FN:962,System.Linq.IOrderedQueryable`1<TSource> System.Linq.Dynamic.Core.DynamicQueryableExtensions::OrderBy(System.Linq.IQueryable`1<TSource>,System.String,System.Object[])
FNDA:15,System.Linq.IOrderedQueryable`1<TSource> System.Linq.Dynamic.Core.DynamicQueryableExtensions::OrderBy(System.Linq.IQueryable`1<TSource>,System.String,System.Object[])
DA:963,15
DA:964,15
DA:965,11
FN:982,System.Linq.IOrderedQueryable System.Linq.Dynamic.Core.DynamicQueryableExtensions::OrderBy(System.Linq.IQueryable,System.Linq.Dynamic.Core.ParsingConfig,System.String,System.Object[])
FNDA:27,System.Linq.IOrderedQueryable System.Linq.Dynamic.Core.DynamicQueryableExtensions::OrderBy(System.Linq.IQueryable,System.Linq.Dynamic.Core.ParsingConfig,System.String,System.Object[])
DA:983,27
DA:984,27
DA:985,26
DA:987,23
DA:988,23
DA:989,23
DA:991,22
DA:993,116
DA:994,25
DA:995,25
DA:996,25
DA:997,25
DA:998,25
DA:999,25
DA:1001,22
DA:1002,22
DA:1003,22
BRDA:993,189,1,25
BRDA:993,189,0,22
FN:1006,System.Linq.IOrderedQueryable System.Linq.Dynamic.Core.DynamicQueryableExtensions::OrderBy(System.Linq.IQueryable,System.String,System.Object[])
FNDA:12,System.Linq.IOrderedQueryable System.Linq.Dynamic.Core.DynamicQueryableExtensions::OrderBy(System.Linq.IQueryable,System.String,System.Object[])
DA:1007,12
DA:1008,12
DA:1009,11
FN:1021,System.Linq.IQueryable System.Linq.Dynamic.Core.DynamicQueryableExtensions::Page(System.Linq.IQueryable,System.Int32,System.Int32)
FNDA:4,System.Linq.IQueryable System.Linq.Dynamic.Core.DynamicQueryableExtensions::Page(System.Linq.IQueryable,System.Int32,System.Int32)
DA:1022,4
DA:1023,4
DA:1024,8
DA:1025,8
DA:1027,4
DA:1028,4
BRDA:1024,20,0,1
BRDA:1024,20,1,4
BRDA:1025,63,0,1
BRDA:1025,63,1,4
FN:1038,System.Linq.IQueryable`1<TSource> System.Linq.Dynamic.Core.DynamicQueryableExtensions::Page(System.Linq.IQueryable`1<TSource>,System.Int32,System.Int32)
FNDA:4,System.Linq.IQueryable`1<TSource> System.Linq.Dynamic.Core.DynamicQueryableExtensions::Page(System.Linq.IQueryable`1<TSource>,System.Int32,System.Int32)
DA:1039,4
DA:1040,4
DA:1041,8
DA:1042,8
DA:1044,4
DA:1045,4
BRDA:1041,20,0,2
BRDA:1041,20,1,4
BRDA:1042,63,0,2
BRDA:1042,63,1,4
FN:1054,System.Linq.Dynamic.Core.PagedResult System.Linq.Dynamic.Core.DynamicQueryableExtensions::PageResult(System.Linq.IQueryable,System.Int32,System.Int32)
FNDA:2,System.Linq.Dynamic.Core.PagedResult System.Linq.Dynamic.Core.DynamicQueryableExtensions::PageResult(System.Linq.IQueryable,System.Int32,System.Int32)
DA:1055,2
DA:1056,2
DA:1057,4
DA:1058,4
DA:1060,2
DA:1061,2
DA:1062,2
DA:1063,2
DA:1064,2
DA:1065,2
DA:1067,2
DA:1068,2
DA:1070,2
DA:1071,2
BRDA:1057,20,0,1
BRDA:1057,20,1,2
BRDA:1058,63,0,1
BRDA:1058,63,1,2
FN:1081,System.Linq.Dynamic.Core.PagedResult`1<TSource> System.Linq.Dynamic.Core.DynamicQueryableExtensions::PageResult(System.Linq.IQueryable`1<TSource>,System.Int32,System.Int32)
FNDA:2,System.Linq.Dynamic.Core.PagedResult`1<TSource> System.Linq.Dynamic.Core.DynamicQueryableExtensions::PageResult(System.Linq.IQueryable`1<TSource>,System.Int32,System.Int32)
DA:1082,2
DA:1083,2
DA:1084,4
DA:1085,4
DA:1087,2
DA:1088,2
DA:1089,2
DA:1090,2
DA:1091,2
DA:1092,2
DA:1094,2
DA:1095,2
DA:1097,2
DA:1098,2
BRDA:1084,20,0,2
BRDA:1084,20,1,2
BRDA:1085,63,0,2
BRDA:1085,63,1,2
FN:1107,System.Linq.IQueryable System.Linq.Dynamic.Core.DynamicQueryableExtensions::Reverse(System.Linq.IQueryable)
FNDA:1,System.Linq.IQueryable System.Linq.Dynamic.Core.DynamicQueryableExtensions::Reverse(System.Linq.IQueryable)
DA:1108,1
DA:1109,1
DA:1111,1
DA:1112,1
FN:1130,System.Linq.IQueryable System.Linq.Dynamic.Core.DynamicQueryableExtensions::Select(System.Linq.IQueryable,System.Linq.Dynamic.Core.ParsingConfig,System.String,System.Object[])
FNDA:100,System.Linq.IQueryable System.Linq.Dynamic.Core.DynamicQueryableExtensions::Select(System.Linq.IQueryable,System.Linq.Dynamic.Core.ParsingConfig,System.String,System.Object[])
DA:1131,100
DA:1132,100
DA:1133,99
DA:1135,96
DA:1136,96
DA:1138,87
DA:1139,87
DA:1140,87
DA:1141,87
DA:1142,87
DA:1144,87
DA:1145,87
BRDA:1135,26,0,96
BRDA:1135,26,1,0
FN:1148,System.Linq.IQueryable System.Linq.Dynamic.Core.DynamicQueryableExtensions::Select(System.Linq.IQueryable,System.String,System.Object[])
FNDA:100,System.Linq.IQueryable System.Linq.Dynamic.Core.DynamicQueryableExtensions::Select(System.Linq.IQueryable,System.String,System.Object[])
DA:1149,100
DA:1150,100
DA:1151,87
FN:1170,System.Linq.IQueryable`1<TResult> System.Linq.Dynamic.Core.DynamicQueryableExtensions::Select(System.Linq.IQueryable,System.Linq.Dynamic.Core.ParsingConfig,System.String,System.Object[])
FNDA:29,System.Linq.IQueryable`1<TResult> System.Linq.Dynamic.Core.DynamicQueryableExtensions::Select(System.Linq.IQueryable,System.Linq.Dynamic.Core.ParsingConfig,System.String,System.Object[])
DA:1171,29
DA:1172,29
DA:1173,29
DA:1175,29
DA:1176,29
DA:1178,29
DA:1179,29
DA:1180,29
DA:1181,29
DA:1183,29
DA:1184,29
BRDA:1175,26,0,27
BRDA:1175,26,1,2
FN:1187,System.Linq.IQueryable`1<TResult> System.Linq.Dynamic.Core.DynamicQueryableExtensions::Select(System.Linq.IQueryable,System.String,System.Object[])
FNDA:27,System.Linq.IQueryable`1<TResult> System.Linq.Dynamic.Core.DynamicQueryableExtensions::Select(System.Linq.IQueryable,System.String,System.Object[])
DA:1188,27
DA:1189,27
DA:1190,27
FN:1207,System.Linq.IQueryable System.Linq.Dynamic.Core.DynamicQueryableExtensions::Select(System.Linq.IQueryable,System.Linq.Dynamic.Core.ParsingConfig,System.Type,System.String,System.Object[])
FNDA:3,System.Linq.IQueryable System.Linq.Dynamic.Core.DynamicQueryableExtensions::Select(System.Linq.IQueryable,System.Linq.Dynamic.Core.ParsingConfig,System.Type,System.String,System.Object[])
DA:1208,3
DA:1209,3
DA:1210,3
DA:1211,3
DA:1213,3
DA:1214,3
DA:1216,3
DA:1217,3
DA:1218,3
DA:1219,3
DA:1221,3
DA:1222,3
BRDA:1213,38,0,3
BRDA:1213,38,1,0
FN:1225,System.Linq.IQueryable System.Linq.Dynamic.Core.DynamicQueryableExtensions::Select(System.Linq.IQueryable,System.Type,System.String,System.Object[])
FNDA:3,System.Linq.IQueryable System.Linq.Dynamic.Core.DynamicQueryableExtensions::Select(System.Linq.IQueryable,System.Type,System.String,System.Object[])
DA:1226,3
DA:1227,3
DA:1228,3
FN:1246,System.Linq.IQueryable System.Linq.Dynamic.Core.DynamicQueryableExtensions::SelectMany(System.Linq.IQueryable,System.Linq.Dynamic.Core.ParsingConfig,System.String,System.Object[])
FNDA:13,System.Linq.IQueryable System.Linq.Dynamic.Core.DynamicQueryableExtensions::SelectMany(System.Linq.IQueryable,System.Linq.Dynamic.Core.ParsingConfig,System.String,System.Object[])
DA:1247,13
DA:1248,13
DA:1249,13
DA:1251,13
DA:1252,11
FN:1255,System.Linq.IQueryable System.Linq.Dynamic.Core.DynamicQueryableExtensions::SelectMany(System.Linq.IQueryable,System.String,System.Object[])
FNDA:13,System.Linq.IQueryable System.Linq.Dynamic.Core.DynamicQueryableExtensions::SelectMany(System.Linq.IQueryable,System.String,System.Object[])
DA:1256,13
DA:1257,13
DA:1258,11
FN:1274,System.Linq.IQueryable System.Linq.Dynamic.Core.DynamicQueryableExtensions::SelectMany(System.Linq.IQueryable,System.Linq.Dynamic.Core.ParsingConfig,System.Type,System.String,System.Object[])
FNDA:2,System.Linq.IQueryable System.Linq.Dynamic.Core.DynamicQueryableExtensions::SelectMany(System.Linq.IQueryable,System.Linq.Dynamic.Core.ParsingConfig,System.Type,System.String,System.Object[])
DA:1275,2
DA:1276,2
DA:1277,2
DA:1278,2
DA:1280,2
DA:1281,2
FN:1284,System.Linq.IQueryable System.Linq.Dynamic.Core.DynamicQueryableExtensions::SelectMany(System.Linq.IQueryable,System.Type,System.String,System.Object[])
FNDA:2,System.Linq.IQueryable System.Linq.Dynamic.Core.DynamicQueryableExtensions::SelectMany(System.Linq.IQueryable,System.Type,System.String,System.Object[])
DA:1285,2
DA:1286,2
DA:1287,2
FN:1289,System.Linq.IQueryable System.Linq.Dynamic.Core.DynamicQueryableExtensions::SelectManyInternal(System.Linq.IQueryable,System.Linq.Dynamic.Core.ParsingConfig,System.Type,System.String,System.Object[])
FNDA:15,System.Linq.IQueryable System.Linq.Dynamic.Core.DynamicQueryableExtensions::SelectManyInternal(System.Linq.IQueryable,System.Linq.Dynamic.Core.ParsingConfig,System.Type,System.String,System.Object[])
DA:1290,15
DA:1291,15
DA:1292,15
DA:1298,13
DA:1299,11
DA:1302,11
DA:1303,6
DA:1304,6
DA:1305,6
DA:1307,5
DA:1308,5
DA:1309,5
DA:1310,11
DA:1313,13
DA:1314,13
DA:1315,13
DA:1316,13
DA:1318,13
DA:1319,13
DA:1320,13
DA:1321,13
DA:1322,13
DA:1324,13
DA:1325,13
BRDA:1291,2,0,15
BRDA:1291,2,1,0
BRDA:1298,48,0,11
BRDA:1302,71,0,6
BRDA:1302,71,1,5
BRDA:1298,48,1,13
FN:1343,System.Linq.IQueryable`1<TResult> System.Linq.Dynamic.Core.DynamicQueryableExtensions::SelectMany(System.Linq.IQueryable,System.Linq.Dynamic.Core.ParsingConfig,System.String,System.Object[])
FNDA:2,System.Linq.IQueryable`1<TResult> System.Linq.Dynamic.Core.DynamicQueryableExtensions::SelectMany(System.Linq.IQueryable,System.Linq.Dynamic.Core.ParsingConfig,System.String,System.Object[])
DA:1344,2
DA:1345,2
DA:1346,2
DA:1348,2
DA:1349,2
DA:1352,2
DA:1353,2
DA:1354,2
DA:1355,2
DA:1357,2
DA:1358,2
DA:1359,2
DA:1360,2
DA:1361,2
DA:1363,2
DA:1364,2
BRDA:1348,26,0,2
BRDA:1348,26,1,0
FN:1367,System.Linq.IQueryable`1<TResult> System.Linq.Dynamic.Core.DynamicQueryableExtensions::SelectMany(System.Linq.IQueryable,System.String,System.Object[])
FNDA:2,System.Linq.IQueryable`1<TResult> System.Linq.Dynamic.Core.DynamicQueryableExtensions::SelectMany(System.Linq.IQueryable,System.String,System.Object[])
DA:1368,2
DA:1369,2
DA:1370,2
FN:1396,System.Linq.IQueryable System.Linq.Dynamic.Core.DynamicQueryableExtensions::SelectMany(System.Linq.IQueryable,System.Linq.Dynamic.Core.ParsingConfig,System.String,System.String,System.Object[],System.Object[])
FNDA:0,System.Linq.IQueryable System.Linq.Dynamic.Core.DynamicQueryableExtensions::SelectMany(System.Linq.IQueryable,System.Linq.Dynamic.Core.ParsingConfig,System.String,System.String,System.Object[],System.Object[])
DA:1397,0
DA:1398,0
DA:1399,0
FN:1402,System.Linq.IQueryable System.Linq.Dynamic.Core.DynamicQueryableExtensions::SelectMany(System.Linq.IQueryable,System.String,System.String,System.Object[],System.Object[])
FNDA:1,System.Linq.IQueryable System.Linq.Dynamic.Core.DynamicQueryableExtensions::SelectMany(System.Linq.IQueryable,System.String,System.String,System.Object[],System.Object[])
DA:1403,1
DA:1404,1
DA:1405,1
FN:1433,System.Linq.IQueryable System.Linq.Dynamic.Core.DynamicQueryableExtensions::SelectMany(System.Linq.IQueryable,System.Linq.Dynamic.Core.ParsingConfig,System.String,System.String,System.String,System.String,System.Object[],System.Object[])
FNDA:2,System.Linq.IQueryable System.Linq.Dynamic.Core.DynamicQueryableExtensions::SelectMany(System.Linq.IQueryable,System.Linq.Dynamic.Core.ParsingConfig,System.String,System.String,System.String,System.String,System.Object[],System.Object[])
DA:1434,2
DA:1435,2
DA:1436,2
DA:1437,2
DA:1438,2
DA:1439,2
DA:1441,2
DA:1442,2
DA:1445,2
DA:1446,2
DA:1447,2
DA:1448,2
DA:1450,2
DA:1453,2
DA:1454,2
DA:1456,2
DA:1457,2
DA:1459,2
DA:1460,2
DA:1461,2
DA:1462,2
DA:1463,2
DA:1465,2
DA:1466,2
BRDA:1441,64,0,2
BRDA:1441,64,1,0
FN:1469,System.Linq.IQueryable System.Linq.Dynamic.Core.DynamicQueryableExtensions::SelectMany(System.Linq.IQueryable,System.String,System.String,System.String,System.String,System.Object[],System.Object[])
FNDA:1,System.Linq.IQueryable System.Linq.Dynamic.Core.DynamicQueryableExtensions::SelectMany(System.Linq.IQueryable,System.String,System.String,System.String,System.String,System.Object[],System.Object[])
DA:1470,1
DA:1471,1
DA:1472,1
FN:1487,System.Object System.Linq.Dynamic.Core.DynamicQueryableExtensions::Single(System.Linq.IQueryable)
FNDA:58,System.Object System.Linq.Dynamic.Core.DynamicQueryableExtensions::Single(System.Linq.IQueryable)
DA:1488,58
DA:1489,58
DA:1491,58
DA:1492,58
DA:1493,58
FN:1510,System.Object System.Linq.Dynamic.Core.DynamicQueryableExtensions::Single(System.Linq.IQueryable,System.Linq.Dynamic.Core.ParsingConfig,System.String,System.Object[])
FNDA:2,System.Object System.Linq.Dynamic.Core.DynamicQueryableExtensions::Single(System.Linq.IQueryable,System.Linq.Dynamic.Core.ParsingConfig,System.String,System.Object[])
DA:1511,2
DA:1512,2
DA:1513,2
DA:1515,2
DA:1516,2
DA:1518,2
DA:1519,2
FN:1526,System.Object System.Linq.Dynamic.Core.DynamicQueryableExtensions::Single(System.Linq.IQueryable,System.String,System.Object[])
FNDA:1,System.Object System.Linq.Dynamic.Core.DynamicQueryableExtensions::Single(System.Linq.IQueryable,System.String,System.Object[])
DA:1527,1
DA:1528,1
DA:1529,1
FN:1542,System.Object System.Linq.Dynamic.Core.DynamicQueryableExtensions::Single(System.Linq.IQueryable,System.Linq.Expressions.LambdaExpression)
FNDA:1,System.Object System.Linq.Dynamic.Core.DynamicQueryableExtensions::Single(System.Linq.IQueryable,System.Linq.Expressions.LambdaExpression)
DA:1543,1
DA:1544,1
DA:1545,1
DA:1546,1
FN:1559,System.Object System.Linq.Dynamic.Core.DynamicQueryableExtensions::SingleOrDefault(System.Linq.IQueryable)
FNDA:2,System.Object System.Linq.Dynamic.Core.DynamicQueryableExtensions::SingleOrDefault(System.Linq.IQueryable)
DA:1560,2
DA:1561,2
DA:1563,2
DA:1564,2
DA:1565,2
FN:1582,System.Object System.Linq.Dynamic.Core.DynamicQueryableExtensions::SingleOrDefault(System.Linq.IQueryable,System.Linq.Dynamic.Core.ParsingConfig,System.String,System.Object[])
FNDA:2,System.Object System.Linq.Dynamic.Core.DynamicQueryableExtensions::SingleOrDefault(System.Linq.IQueryable,System.Linq.Dynamic.Core.ParsingConfig,System.String,System.Object[])
DA:1583,2
DA:1584,2
DA:1585,2
DA:1587,2
DA:1588,2
DA:1590,2
DA:1591,2
FN:1598,System.Object System.Linq.Dynamic.Core.DynamicQueryableExtensions::SingleOrDefault(System.Linq.IQueryable,System.String,System.Object[])
FNDA:1,System.Object System.Linq.Dynamic.Core.DynamicQueryableExtensions::SingleOrDefault(System.Linq.IQueryable,System.String,System.Object[])
DA:1599,1
DA:1600,1
DA:1601,1
FN:1614,System.Object System.Linq.Dynamic.Core.DynamicQueryableExtensions::SingleOrDefault(System.Linq.IQueryable,System.Linq.Expressions.LambdaExpression)
FNDA:1,System.Object System.Linq.Dynamic.Core.DynamicQueryableExtensions::SingleOrDefault(System.Linq.IQueryable,System.Linq.Expressions.LambdaExpression)
DA:1615,1
DA:1616,1
DA:1617,1
DA:1618,1
FN:1630,System.Linq.IQueryable System.Linq.Dynamic.Core.DynamicQueryableExtensions::Skip(System.Linq.IQueryable,System.Int32)
FNDA:10,System.Linq.IQueryable System.Linq.Dynamic.Core.DynamicQueryableExtensions::Skip(System.Linq.IQueryable,System.Int32)
DA:1631,10
DA:1632,10
DA:1633,20
DA:1636,10
DA:1637,1
DA:1639,9
DA:1640,10
BRDA:1633,20,0,1
BRDA:1633,20,1,10
BRDA:1636,62,0,1
BRDA:1636,62,1,9
FN:1669,System.Linq.IQueryable System.Linq.Dynamic.Core.DynamicQueryableExtensions::SkipWhile(System.Linq.IQueryable,System.Linq.Dynamic.Core.ParsingConfig,System.String,System.Object[])
FNDA:3,System.Linq.IQueryable System.Linq.Dynamic.Core.DynamicQueryableExtensions::SkipWhile(System.Linq.IQueryable,System.Linq.Dynamic.Core.ParsingConfig,System.String,System.Object[])
DA:1670,3
DA:1671,3
DA:1672,3
DA:1674,3
DA:1675,3
DA:1677,3
DA:1678,3
FN:1681,System.Linq.IQueryable System.Linq.Dynamic.Core.DynamicQueryableExtensions::SkipWhile(System.Linq.IQueryable,System.String,System.Object[])
FNDA:2,System.Linq.IQueryable System.Linq.Dynamic.Core.DynamicQueryableExtensions::SkipWhile(System.Linq.IQueryable,System.String,System.Object[])
DA:1682,2
DA:1683,2
DA:1684,2
FN:1694,System.Object System.Linq.Dynamic.Core.DynamicQueryableExtensions::Sum(System.Linq.IQueryable)
FNDA:2,System.Object System.Linq.Dynamic.Core.DynamicQueryableExtensions::Sum(System.Linq.IQueryable)
DA:1695,2
DA:1696,2
DA:1698,2
DA:1699,2
DA:1700,2
FN:1711,System.Linq.IQueryable System.Linq.Dynamic.Core.DynamicQueryableExtensions::Take(System.Linq.IQueryable,System.Int32)
FNDA:14,System.Linq.IQueryable System.Linq.Dynamic.Core.DynamicQueryableExtensions::Take(System.Linq.IQueryable,System.Int32)
DA:1712,14
DA:1713,14
DA:1714,28
DA:1716,14
DA:1717,14
BRDA:1714,20,0,1
BRDA:1714,20,1,14
FN:1746,System.Linq.IQueryable System.Linq.Dynamic.Core.DynamicQueryableExtensions::TakeWhile(System.Linq.IQueryable,System.Linq.Dynamic.Core.ParsingConfig,System.String,System.Object[])
FNDA:3,System.Linq.IQueryable System.Linq.Dynamic.Core.DynamicQueryableExtensions::TakeWhile(System.Linq.IQueryable,System.Linq.Dynamic.Core.ParsingConfig,System.String,System.Object[])
DA:1747,3
DA:1748,3
DA:1749,3
DA:1751,3
DA:1752,3
DA:1754,3
DA:1755,3
FN:1758,System.Linq.IQueryable System.Linq.Dynamic.Core.DynamicQueryableExtensions::TakeWhile(System.Linq.IQueryable,System.String,System.Object[])
FNDA:2,System.Linq.IQueryable System.Linq.Dynamic.Core.DynamicQueryableExtensions::TakeWhile(System.Linq.IQueryable,System.String,System.Object[])
DA:1759,2
DA:1760,2
DA:1761,2
FN:1785,System.Linq.IOrderedQueryable`1<TSource> System.Linq.Dynamic.Core.DynamicQueryableExtensions::ThenBy(System.Linq.IOrderedQueryable`1<TSource>,System.Linq.Dynamic.Core.ParsingConfig,System.String,System.Object[])
FNDA:6,System.Linq.IOrderedQueryable`1<TSource> System.Linq.Dynamic.Core.DynamicQueryableExtensions::ThenBy(System.Linq.IOrderedQueryable`1<TSource>,System.Linq.Dynamic.Core.ParsingConfig,System.String,System.Object[])
DA:1786,6
DA:1787,6
DA:1788,2
FN:1791,System.Linq.IOrderedQueryable`1<TSource> System.Linq.Dynamic.Core.DynamicQueryableExtensions::ThenBy(System.Linq.IOrderedQueryable`1<TSource>,System.String,System.Object[])
FNDA:6,System.Linq.IOrderedQueryable`1<TSource> System.Linq.Dynamic.Core.DynamicQueryableExtensions::ThenBy(System.Linq.IOrderedQueryable`1<TSource>,System.String,System.Object[])
DA:1792,6
DA:1793,6
DA:1794,2
FN:1811,System.Linq.IOrderedQueryable System.Linq.Dynamic.Core.DynamicQueryableExtensions::ThenBy(System.Linq.IOrderedQueryable,System.Linq.Dynamic.Core.ParsingConfig,System.String,System.Object[])
FNDA:7,System.Linq.IOrderedQueryable System.Linq.Dynamic.Core.DynamicQueryableExtensions::ThenBy(System.Linq.IOrderedQueryable,System.Linq.Dynamic.Core.ParsingConfig,System.String,System.Object[])
DA:1812,7
DA:1813,7
DA:1814,6
DA:1816,3
DA:1817,3
DA:1818,3
DA:1820,2
DA:1822,12
DA:1823,3
DA:1824,3
DA:1825,3
DA:1826,3
DA:1827,3
DA:1828,3
DA:1830,2
DA:1831,2
DA:1832,2
BRDA:1822,189,1,3
BRDA:1822,189,0,2
FN:1835,System.Linq.IOrderedQueryable System.Linq.Dynamic.Core.DynamicQueryableExtensions::ThenBy(System.Linq.IOrderedQueryable,System.String,System.Object[])
FNDA:1,System.Linq.IOrderedQueryable System.Linq.Dynamic.Core.DynamicQueryableExtensions::ThenBy(System.Linq.IOrderedQueryable,System.String,System.Object[])
DA:1836,1
DA:1837,1
DA:1838,0
FN:1861,System.Linq.IQueryable`1<TSource> System.Linq.Dynamic.Core.DynamicQueryableExtensions::Where(System.Linq.IQueryable`1<TSource>,System.Linq.Dynamic.Core.ParsingConfig,System.String,System.Object[])
FNDA:169,System.Linq.IQueryable`1<TSource> System.Linq.Dynamic.Core.DynamicQueryableExtensions::Where(System.Linq.IQueryable`1<TSource>,System.Linq.Dynamic.Core.ParsingConfig,System.String,System.Object[])
DA:1862,169
DA:1863,169
DA:1864,169
DA:1866,166
DA:1867,150
FN:1870,System.Linq.IQueryable`1<TSource> System.Linq.Dynamic.Core.DynamicQueryableExtensions::Where(System.Linq.IQueryable`1<TSource>,System.String,System.Object[])
FNDA:143,System.Linq.IQueryable`1<TSource> System.Linq.Dynamic.Core.DynamicQueryableExtensions::Where(System.Linq.IQueryable`1<TSource>,System.String,System.Object[])
DA:1871,143
DA:1872,143
DA:1873,124
[...]
BRDA:208,799,0,76
BRDA:208,817,0,56
BRDA:208,835,0,36
BRDA:208,853,0,32
BRDA:208,871,0,28
BRDA:208,763,1,88
BRDA:208,781,1,88
BRDA:208,799,1,88
BRDA:208,817,1,88
BRDA:208,835,1,88
BRDA:208,853,1,88
BRDA:208,871,1,88
BRDA:208,896,0,92
BRDA:208,896,1,24
BRDA:206,741,1,3391
BRDA:211,932,0,1213
BRDA:213,951,0,1037
BRDA:213,969,0,762
BRDA:213,987,0,633
BRDA:213,1005,0,504
BRDA:213,951,1,709
BRDA:213,969,1,709
BRDA:213,987,1,709
BRDA:213,1005,1,709
BRDA:213,1030,0,838
BRDA:213,1030,1,375
BRDA:211,932,1,2178
BRDA:216,1066,0,259
BRDA:218,1088,0,244
BRDA:218,1106,0,214
BRDA:218,1124,0,184
BRDA:218,1142,0,170
BRDA:218,1160,0,156
BRDA:218,1088,1,103
BRDA:218,1106,1,103
BRDA:218,1124,1,103
BRDA:218,1142,1,103
BRDA:218,1160,1,103
BRDA:218,1185,0,117
BRDA:218,1185,1,142
BRDA:216,1066,1,1919
BRDA:221,1221,0,480
BRDA:223,1240,0,458
BRDA:223,1258,0,403
BRDA:223,1276,0,348
BRDA:223,1240,1,132
BRDA:223,1258,1,132
BRDA:223,1276,1,132
BRDA:223,1301,0,187
BRDA:223,1301,1,293
BRDA:221,1221,1,1439
BRDA:226,1337,0,266
BRDA:228,1356,0,250
BRDA:228,1374,0,234
BRDA:228,1392,0,218
BRDA:228,1356,1,48
BRDA:228,1374,1,48
BRDA:228,1392,1,48
BRDA:228,1417,0,64
BRDA:228,1417,1,202
BRDA:226,1337,1,1173
BRDA:231,1447,0,284
BRDA:233,1466,0,261
BRDA:233,1466,1,23
BRDA:233,1491,0,70
BRDA:233,1491,1,214
BRDA:231,1447,1,2307
BRDA:237,1510,0,126
BRDA:237,1510,1,2181
FN:246,System.Boolean System.Linq.Dynamic.Core.Parser.TypeHelper::IsEnumType(System.Type)
FNDA:416,System.Boolean System.Linq.Dynamic.Core.Parser.TypeHelper::IsEnumType(System.Type)
DA:247,416
DA:248,416
DA:249,416
FN:251,System.Boolean System.Linq.Dynamic.Core.Parser.TypeHelper::IsNumericType(System.Type)
FNDA:13,System.Boolean System.Linq.Dynamic.Core.Parser.TypeHelper::IsNumericType(System.Type)
DA:252,13
DA:253,13
DA:254,13
FN:256,System.Boolean System.Linq.Dynamic.Core.Parser.TypeHelper::IsNullableType(System.Type)
FNDA:11820,System.Boolean System.Linq.Dynamic.Core.Parser.TypeHelper::IsNullableType(System.Type)
DA:257,11820
DA:258,11820
DA:260,11820
DA:261,11820
BRDA:260,24,0,3705
BRDA:260,24,1,8115
FN:263,System.Boolean System.Linq.Dynamic.Core.Parser.TypeHelper::IsSignedIntegralType(System.Type)
FNDA:654,System.Boolean System.Linq.Dynamic.Core.Parser.TypeHelper::IsSignedIntegralType(System.Type)
DA:264,654
DA:265,654
DA:266,654
FN:268,System.Boolean System.Linq.Dynamic.Core.Parser.TypeHelper::IsUnsignedIntegralType(System.Type)
FNDA:250,System.Boolean System.Linq.Dynamic.Core.Parser.TypeHelper::IsUnsignedIntegralType(System.Type)
DA:269,250
DA:270,250
DA:271,250
FN:273,System.Int32 System.Linq.Dynamic.Core.Parser.TypeHelper::GetNumericTypeKind(System.Type)
FNDA:917,System.Int32 System.Linq.Dynamic.Core.Parser.TypeHelper::GetNumericTypeKind(System.Type)
DA:274,917
DA:275,917
DA:304,917
DA:305,0
DA:306,0
DA:309,917
DA:310,398
DA:311,519
DA:312,276
DA:313,243
DA:314,243
DA:316,0
DA:318,917
BRDA:304,22,0,0
BRDA:304,22,1,917
BRDA:309,48,0,917
BRDA:309,66,0,791
BRDA:309,84,0,682
BRDA:309,48,1,235
BRDA:309,66,1,235
BRDA:309,84,1,235
BRDA:309,107,0,398
BRDA:309,107,1,519
BRDA:311,132,0,519
BRDA:311,150,0,518
BRDA:311,168,0,288
BRDA:311,132,1,231
BRDA:311,150,1,231
BRDA:311,168,1,231
BRDA:311,191,0,276
BRDA:311,191,1,243
BRDA:313,213,0,242
BRDA:313,231,0,242
BRDA:313,249,0,121
BRDA:313,213,1,122
BRDA:313,231,1,122
BRDA:313,249,1,122
BRDA:313,274,0,243
BRDA:313,274,1,0
FN:320,System.String System.Linq.Dynamic.Core.Parser.TypeHelper::GetTypeName(System.Type)
FNDA:16,System.String System.Linq.Dynamic.Core.Parser.TypeHelper::GetTypeName(System.Type)
DA:321,16
DA:322,16
DA:324,16
DA:325,16
DA:326,0
DA:327,0
DA:328,0
DA:329,16
DA:330,16
BRDA:325,24,0,0
BRDA:325,24,1,16
FN:332,System.Type System.Linq.Dynamic.Core.Parser.TypeHelper::GetNonNullableType(System.Type)
FNDA:11724,System.Type System.Linq.Dynamic.Core.Parser.TypeHelper::GetNonNullableType(System.Type)
DA:333,11724
DA:334,11724
DA:336,11724
DA:337,11724
BRDA:336,19,0,8067
BRDA:336,19,1,3657
FN:339,System.Type System.Linq.Dynamic.Core.Parser.TypeHelper::GetUnderlyingType(System.Type)
FNDA:240,System.Type System.Linq.Dynamic.Core.Parser.TypeHelper::GetUnderlyingType(System.Type)
DA:340,240
DA:341,240
DA:343,240
DA:344,240
DA:345,168
DA:346,168
DA:347,168
DA:350,72
DA:351,240
BRDA:344,28,0,168
BRDA:347,55,0,138
BRDA:347,55,1,30
BRDA:344,28,1,72
FN:353,System.Collections.Generic.IEnumerable`1<System.Type> System.Linq.Dynamic.Core.Parser.TypeHelper::GetSelfAndBaseTypes(System.Type)
FNDA:464,System.Collections.Generic.IEnumerable`1<System.Type> System.Linq.Dynamic.Core.Parser.TypeHelper::GetSelfAndBaseTypes(System.Type)
DA:354,464
DA:355,464
DA:356,19
DA:357,19
DA:358,19
DA:359,19
DA:361,445
DA:362,464
BRDA:355,14,0,19
BRDA:355,14,1,445
FN:373,System.Void System.Linq.Dynamic.Core.Parser.TypeHelper::AddInterface(System.Collections.Generic.List`1<System.Type>,System.Type)
FNDA:76,System.Void System.Linq.Dynamic.Core.Parser.TypeHelper::AddInterface(System.Collections.Generic.List`1<System.Type>,System.Type)
DA:374,76
DA:375,76
DA:376,57
DA:377,57
DA:378,285
DA:379,57
DA:380,57
DA:381,57
DA:382,57
DA:383,76
BRDA:375,13,0,57
BRDA:378,58,1,57
BRDA:378,58,0,57
BRDA:375,13,1,76
FN:385,System.Object System.Linq.Dynamic.Core.Parser.TypeHelper::ParseNumber(System.String,System.Type)
FNDA:703,System.Object System.Linq.Dynamic.Core.Parser.TypeHelper::ParseNumber(System.String,System.Type)
DA:386,703
DA:436,703
DA:437,703
DA:438,0
DA:440,0
DA:441,0
DA:442,703
DA:443,0
DA:445,0
DA:446,0
DA:447,703
DA:448,0
DA:450,0
DA:451,0
DA:452,703
DA:453,0
DA:455,0
DA:456,0
DA:457,703
DA:458,150
DA:460,294
DA:461,6
DA:462,553
DA:463,31
DA:465,62
DA:466,0
DA:467,522
DA:468,96
DA:470,186
DA:471,6
DA:472,426
DA:473,45
DA:475,89
DA:476,1
DA:477,381
DA:478,116
DA:480,222
DA:481,10
DA:482,265
DA:483,128
DA:485,246
DA:486,10
DA:487,137
DA:488,121
DA:490,232
DA:491,10
DA:493,59
DA:494,703
BRDA:437,26,0,0
BRDA:440,39,0,0
BRDA:440,39,1,0
BRDA:437,26,1,703
BRDA:442,80,0,0
BRDA:445,95,0,0
BRDA:445,95,1,0
BRDA:442,80,1,703
BRDA:447,137,0,0
BRDA:450,152,0,0
BRDA:450,152,1,0
BRDA:447,137,1,703
BRDA:452,194,0,0
BRDA:455,209,0,0
BRDA:455,209,1,0
BRDA:452,194,1,703
BRDA:457,251,0,150
BRDA:460,266,0,144
BRDA:460,266,1,6
BRDA:457,251,1,553
BRDA:462,308,0,31
BRDA:465,323,0,31
BRDA:465,323,1,0
BRDA:462,308,1,522
BRDA:467,365,0,96
BRDA:470,380,0,90
BRDA:470,380,1,6
BRDA:467,365,1,426
BRDA:472,422,0,45
BRDA:475,437,0,44
BRDA:475,437,1,1
BRDA:472,422,1,381
BRDA:477,479,0,116
BRDA:480,494,0,106
BRDA:480,494,1,10
BRDA:477,479,1,265
BRDA:482,530,0,128
BRDA:485,545,0,118
BRDA:485,545,1,10
BRDA:482,530,1,137
BRDA:487,581,0,121
BRDA:490,596,0,111
BRDA:490,596,1,10
BRDA:487,581,1,59
FN:496,System.Object System.Linq.Dynamic.Core.Parser.TypeHelper::ParseEnum(System.String,System.Type)
FNDA:9,System.Object System.Linq.Dynamic.Core.Parser.TypeHelper::ParseEnum(System.String,System.Type)
DA:497,9
DA:498,9
DA:499,1
DA:500,1
DA:503,8
DA:504,9
BRDA:498,12,0,2
BRDA:498,12,1,7
BRDA:498,26,0,1
BRDA:498,26,1,8
FN:364,System.Boolean System.Linq.Dynamic.Core.Parser.TypeHelper/<GetSelfAndBaseClasses>d__12::MoveNext()
FNDA:445,System.Boolean System.Linq.Dynamic.Core.Parser.TypeHelper/<GetSelfAndBaseClasses>d__12::MoveNext()
DA:365,445
DA:366,503
DA:367,478
DA:368,478
DA:369,58
DA:370,58
DA:371,25
BRDA:366,100,1,478
BRDA:365,14,1,58
BRDA:366,100,0,25
LF:212
LH:193
BRF:243
BRH:227
FNF:16
FNH:16
end_of_record
SF:C:\Users\Stef\Documents\Github\System.Linq.Dynamic.Core\src\System.Linq.Dynamic.Core\Parser\SupportedMethods\MethodData.cs
FN:7,System.Reflection.MethodBase System.Linq.Dynamic.Core.Parser.SupportedMethods.MethodData::get_MethodBase()
FNDA:6717,System.Reflection.MethodBase System.Linq.Dynamic.Core.Parser.SupportedMethods.MethodData::get_MethodBase()
DA:8,6717
FN:8,System.Reflection.ParameterInfo[] System.Linq.Dynamic.Core.Parser.SupportedMethods.MethodData::get_Parameters()
FNDA:13729,System.Reflection.ParameterInfo[] System.Linq.Dynamic.Core.Parser.SupportedMethods.MethodData::get_Parameters()
DA:9,13729
FN:9,System.Linq.Expressions.Expression[] System.Linq.Dynamic.Core.Parser.SupportedMethods.MethodData::get_Args()
FNDA:1594,System.Linq.Expressions.Expression[] System.Linq.Dynamic.Core.Parser.SupportedMethods.MethodData::get_Args()
DA:10,1594
LF:3
LH:3
BRF:0
BRH:0
FNF:3
FNH:3
end_of_record
SF:C:\Users\Stef\Documents\Github\System.Linq.Dynamic.Core\src\System.Linq.Dynamic.Core\Parser\SupportedMethods\MethodFinder.cs
FN:9,System.Boolean System.Linq.Dynamic.Core.Parser.SupportedMethods.MethodFinder::ContainsMethod(System.Type,System.String,System.Boolean,System.Linq.Expressions.Expression[])
FNDA:253,System.Boolean System.Linq.Dynamic.Core.Parser.SupportedMethods.MethodFinder::ContainsMethod(System.Type,System.String,System.Boolean,System.Linq.Expressions.Expression[])
DA:10,253
DA:11,253
DA:12,253
FN:14,System.Int32 System.Linq.Dynamic.Core.Parser.SupportedMethods.MethodFinder::FindMethod(System.Type,System.String,System.Boolean,System.Linq.Expressions.Expression[],System.Reflection.MethodBase&)
FNDA:279,System.Int32 System.Linq.Dynamic.Core.Parser.SupportedMethods.MethodFinder::FindMethod(System.Type,System.String,System.Boolean,System.Linq.Expressions.Expression[],System.Reflection.MethodBase&)
DA:15,279
DA:28,1347
DA:29,392
DA:30,10278
DA:31,392
DA:32,392
DA:33,274
DA:34,274
DA:36,118
DA:38,5
DA:39,5
DA:40,279
BRDA:28,135,1,392
BRDA:30,62,0,9710
BRDA:30,62,1,10194
BRDA:32,119,0,274
BRDA:32,119,1,118
BRDA:28,135,0,5
FN:42,System.Int32 System.Linq.Dynamic.Core.Parser.SupportedMethods.MethodFinder::FindBestMethod(System.Collections.Generic.IEnumerable`1<System.Reflection.MethodBase>,System.Linq.Expressions.Expression[],System.Reflection.MethodBase&)
FNDA:406,System.Int32 System.Linq.Dynamic.Core.Parser.SupportedMethods.MethodFinder::FindBestMethod(System.Collections.Generic.IEnumerable`1<System.Reflection.MethodBase>,System.Linq.Expressions.Expression[],System.Reflection.MethodBase&)
DA:43,406
DA:44,406
DA:45,3146
DA:46,3146
DA:47,406
DA:49,406
DA:50,141
DA:51,3619
DA:52,141
DA:54,406
DA:55,0
DA:56,0
DA:57,0
DA:59,406
DA:60,278
DA:61,278
DA:62,1346
DA:63,395
DA:64,395
DA:65,395
DA:66,278
DA:67,278
DA:69,128
DA:70,128
DA:71,128
DA:73,406
DA:74,406
BRDA:44,22,0,1
BRDA:44,22,1,406
BRDA:49,92,0,141
BRDA:49,92,1,406
BRDA:54,139,0,264
BRDA:54,150,0,0
BRDA:54,180,0,0
BRDA:54,180,1,0
BRDA:54,139,1,406
BRDA:54,150,1,406
BRDA:54,218,0,0
BRDA:54,218,1,406
BRDA:59,258,0,278
BRDA:62,319,1,395
BRDA:62,319,0,278
BRDA:59,258,1,128
FN:76,System.Int32 System.Linq.Dynamic.Core.Parser.SupportedMethods.MethodFinder::FindIndexer(System.Type,System.Linq.Expressions.Expression[],System.Reflection.MethodBase&)
FNDA:3,System.Int32 System.Linq.Dynamic.Core.Parser.SupportedMethods.MethodFinder::FindIndexer(System.Type,System.Linq.Expressions.Expression[],System.Reflection.MethodBase&)
DA:77,3
DA:78,12
DA:79,3
DA:80,3
DA:81,3
DA:82,3
DA:83,3
DA:84,3
DA:85,3
DA:86,3
DA:87,3
DA:88,7
DA:90,3
DA:91,3
DA:92,3
DA:93,3
DA:95,0
DA:96,0
DA:98,0
DA:99,0
DA:100,3
BRDA:78,122,1,3
BRDA:81,38,0,3
BRDA:83,53,0,1
BRDA:83,53,1,3
BRDA:91,105,0,3
BRDA:91,105,1,0
BRDA:81,38,1,0
BRDA:78,122,0,0
FN:102,System.Boolean System.Linq.Dynamic.Core.Parser.SupportedMethods.MethodFinder::IsApplicable(System.Linq.Dynamic.Core.Parser.SupportedMethods.MethodData,System.Linq.Expressions.Expression[])
FNDA:2740,System.Boolean System.Linq.Dynamic.Core.Parser.SupportedMethods.MethodFinder::IsApplicable(System.Linq.Dynamic.Core.Parser.SupportedMethods.MethodData,System.Linq.Expressions.Expression[])
DA:103,2740
DA:104,2740
DA:105,63
DA:106,63
DA:109,2677
DA:110,9796
DA:111,3699
DA:112,3699
DA:113,3699
DA:114,0
DA:115,0
DA:118,3699
DA:119,3699
DA:120,1478
DA:121,1478
DA:123,2221
DA:124,2221
DA:125,1199
DA:126,1199
DA:127,2740
BRDA:104,19,0,63
BRDA:104,19,1,2677
BRDA:110,151,1,3699
BRDA:113,64,0,0
BRDA:113,64,1,3699
BRDA:119,124,0,1478
BRDA:119,124,1,2221
BRDA:110,151,0,1199
FN:129,System.Boolean System.Linq.Dynamic.Core.Parser.SupportedMethods.MethodFinder::IsBetterThan(System.Linq.Expressions.Expression[],System.Linq.Dynamic.Core.Parser.SupportedMethods.MethodData,System.Linq.Dynamic.Core.Parser.SupportedMethods.MethodData)
FNDA:2211,System.Boolean System.Linq.Dynamic.Core.Parser.SupportedMethods.MethodFinder::IsBetterThan(System.Linq.Expressions.Expression[],System.Linq.Dynamic.Core.Parser.SupportedMethods.MethodData,System.Linq.Dynamic.Core.Parser.SupportedMethods.MethodData)
DA:130,2211
DA:131,2211
DA:132,4964
DA:133,2275
DA:134,2275
DA:137,2275
DA:138,921
DA:139,921
DA:143,1354
DA:144,1083
DA:145,1083
DA:149,271
DA:150,271
DA:151,271
DA:152,271
DA:153,271
DA:155,207
DA:156,2211
BRDA:132,107,1,2275
BRDA:137,54,0,921
BRDA:137,54,1,1354
BRDA:143,70,0,1083
BRDA:143,70,1,271
BRDA:149,86,0,271
BRDA:149,86,1,271
BRDA:132,107,0,207
FN:161,System.Linq.Dynamic.Core.Parser.SupportedMethods.CompareConversionType System.Linq.Dynamic.Core.Parser.SupportedMethods.MethodFinder::CompareConversions(System.Type,System.Type,System.Type)
FNDA:2275,System.Linq.Dynamic.Core.Parser.SupportedMethods.CompareConversionType System.Linq.Dynamic.Core.Parser.SupportedMethods.MethodFinder::CompareConversions(System.Type,System.Type,System.Type)
DA:162,2275
DA:163,2275
DA:164,64
DA:165,64
DA:167,2211
DA:168,646
DA:169,646
DA:171,1565
DA:172,601
DA:173,601
DA:176,964
DA:177,964
DA:179,964
DA:180,357
DA:181,357
DA:183,607
DA:184,240
DA:185,240
DA:188,367
DA:189,80
DA:190,80
DA:192,287
DA:193,80
DA:194,80
DA:197,207
DA:198,2275
BRDA:163,10,0,64
BRDA:163,10,1,2211
BRDA:167,31,0,646
BRDA:167,31,1,1565
BRDA:171,52,0,601
BRDA:171,52,1,964
BRDA:179,76,0,357
BRDA:179,76,1,607
BRDA:179,89,0,357
BRDA:179,89,1,607
BRDA:183,97,0,240
BRDA:183,97,1,367
BRDA:183,110,0,240
BRDA:183,110,1,367
BRDA:188,123,0,143
BRDA:188,123,1,224
BRDA:188,138,0,80
BRDA:188,138,1,287
BRDA:192,151,0,107
BRDA:192,151,1,180
BRDA:192,166,0,80
BRDA:192,166,1,207
FN:200,System.Collections.Generic.IEnumerable`1<System.Type> System.Linq.Dynamic.Core.Parser.SupportedMethods.MethodFinder::SelfAndBaseTypes(System.Type)
FNDA:282,System.Collections.Generic.IEnumerable`1<System.Type> System.Linq.Dynamic.Core.Parser.SupportedMethods.MethodFinder::SelfAndBaseTypes(System.Type)
DA:201,282
DA:202,282
DA:203,256
DA:204,256
DA:205,256
DA:206,256
DA:208,26
DA:209,282
BRDA:202,14,0,256
BRDA:202,14,1,26
FN:220,System.Void System.Linq.Dynamic.Core.Parser.SupportedMethods.MethodFinder::AddInterface(System.Collections.Generic.List`1<System.Type>,System.Type)
FNDA:455,System.Void System.Linq.Dynamic.Core.Parser.SupportedMethods.MethodFinder::AddInterface(System.Collections.Generic.List`1<System.Type>,System.Type)
DA:221,455
DA:222,455
DA:223,394
DA:224,394
DA:225,1779
DA:226,394
DA:227,455
BRDA:222,13,0,394
BRDA:225,56,1,199
BRDA:225,56,0,394
BRDA:222,13,1,455
FN:211,System.Boolean System.Linq.Dynamic.Core.Parser.SupportedMethods.MethodFinder/<SelfAndBaseClasses>d__8::MoveNext()
FNDA:26,System.Boolean System.Linq.Dynamic.Core.Parser.SupportedMethods.MethodFinder/<SelfAndBaseClasses>d__8::MoveNext()
DA:212,26
DA:213,27
DA:214,27
DA:215,27
DA:216,1
DA:217,1
DA:218,0
BRDA:213,100,1,27
BRDA:212,14,1,1
LF:149
LH:139
BRF:80
BRH:72
FNF:10
FNH:10
end_of_record
SF:C:\Users\Stef\Documents\Github\System.Linq.Dynamic.Core\src\System.Linq.Dynamic.Core\Extensions\LinqProviderExtensions.cs
FN:14,System.Boolean System.Linq.Dynamic.Core.Extensions.LinqProviderExtensions::IsLinqToObjects(System.Linq.IQueryable)
FNDA:408,System.Boolean System.Linq.Dynamic.Core.Extensions.LinqProviderExtensions::IsLinqToObjects(System.Linq.IQueryable)
DA:15,408
DA:16,408
DA:17,408
DA:19,408
DA:20,408
FN:22,System.Boolean System.Linq.Dynamic.Core.Extensions.LinqProviderExtensions::IsProviderEnumerableQuery(System.Linq.IQueryProvider)
FNDA:409,System.Boolean System.Linq.Dynamic.Core.Extensions.LinqProviderExtensions::IsProviderEnumerableQuery(System.Linq.IQueryProvider)
DA:23,409
DA:24,409
DA:28,409
DA:30,409
DA:31,34
DA:33,34
DA:34,1
DA:36,1
DA:37,1
DA:38,1
DA:39,1
DA:41,0
DA:42,0
DA:43,0
DA:46,33
DA:48,408
DA:49,409
BRDA:30,41,0,34
BRDA:33,62,0,1
BRDA:39,97,0,1
BRDA:39,97,1,0
BRDA:33,62,1,33
BRDA:30,41,1,408
LF:22
LH:19
BRF:6
BRH:5
FNF:2
FNH:2
end_of_record
SF:C:\Users\Stef\Documents\Github\System.Linq.Dynamic.Core\src\System.Linq.Dynamic.Core\Exceptions\ParseException.cs
FN:30,System.Int32 System.Linq.Dynamic.Core.Exceptions.ParseException::get_Position()
FNDA:0,System.Int32 System.Linq.Dynamic.Core.Exceptions.ParseException::get_Position()
DA:31,0
FN:37,System.String System.Linq.Dynamic.Core.Exceptions.ParseException::ToString()
FNDA:0,System.String System.Linq.Dynamic.Core.Exceptions.ParseException::ToString()
DA:38,0
DA:39,0
DA:40,0
FN:22,System.Void System.Linq.Dynamic.Core.Exceptions.ParseException::.ctor(System.String,System.Int32)
FNDA:40,System.Void System.Linq.Dynamic.Core.Exceptions.ParseException::.ctor(System.String,System.Int32)
DA:23,40
DA:24,40
DA:25,40
DA:26,40
LF:8
LH:4
BRF:0
BRH:0
FNF:3
FNH:1
end_of_record
SF:C:\Users\Stef\Documents\Github\System.Linq.Dynamic.Core\src\System.Linq.Dynamic.Core\CustomTypeProviders\AbstractDynamicLinqCustomTypeProvider.cs
FN:18,System.Collections.Generic.IEnumerable`1<System.Type> System.Linq.Dynamic.Core.CustomTypeProviders.AbstractDynamicLinqCustomTypeProvider::FindTypesMarkedWithDynamicLinqTypeAttribute(System.Collections.Generic.IEnumerable`1<System.Reflection.Assembly>)
FNDA:26,System.Collections.Generic.IEnumerable`1<System.Type> System.Linq.Dynamic.Core.CustomTypeProviders.AbstractDynamicLinqCustomTypeProvider::FindTypesMarkedWithDynamicLinqTypeAttribute(System.Collections.Generic.IEnumerable`1<System.Reflection.Assembly>)
DA:19,26
DA:20,26
DA:22,5452
DA:24,26
DA:27,649691
DA:31,26
BRDA:22,20,0,1
BRDA:22,20,1,26
BRDA:27,67,0,1
BRDA:27,67,1,26
BRDA:27,103,0,1
BRDA:27,103,1,26
FN:39,System.Type System.Linq.Dynamic.Core.CustomTypeProviders.AbstractDynamicLinqCustomTypeProvider::ResolveType(System.Collections.Generic.IEnumerable`1<System.Reflection.Assembly>,System.String)
FNDA:2,System.Type System.Linq.Dynamic.Core.CustomTypeProviders.AbstractDynamicLinqCustomTypeProvider::ResolveType(System.Collections.Generic.IEnumerable`1<System.Reflection.Assembly>,System.String)
DA:40,2
DA:41,2
DA:42,2
DA:44,276
DA:45,136
DA:46,136
DA:47,136
DA:48,2
DA:49,2
DA:51,134
DA:53,0
DA:54,2
BRDA:44,77,1,136
BRDA:47,62,0,2
BRDA:47,62,1,134
BRDA:44,77,0,0
FN:62,System.Boolean System.Linq.Dynamic.Core.CustomTypeProviders.AbstractDynamicLinqCustomTypeProvider/<GetAssemblyTypes>d__2::MoveNext()
FNDA:26,System.Boolean System.Linq.Dynamic.Core.CustomTypeProviders.AbstractDynamicLinqCustomTypeProvider/<GetAssemblyTypes>d__2::MoveNext()
DA:63,26
DA:64,26
DA:66,10839
DA:67,5380
DA:68,5380
DA:71,5385
DA:72,5383
DA:73,5373
DA:74,0
DA:75,0
DA:77,0
DA:79,5377
DA:80,5375
DA:81,925629
DA:82,454817
DA:83,455017
DA:84,454946
DA:85,5383
DA:86,5381
DA:87,26
BRDA:66,292,1,5381
BRDA:79,150,0,5380
BRDA:81,249,1,455159
BRDA:63,14,1,454686
BRDA:81,249,0,5384
BRDA:79,150,1,5384
BRDA:66,292,0,26
LF:38
LH:34
BRF:19
BRH:18
FNF:3
FNH:3
end_of_record
SF:C:\Users\Stef\Documents\Github\System.Linq.Dynamic.Core\src\System.Linq.Dynamic.Core\CustomTypeProviders\DefaultDynamicLinqCustomTypeProvider.cs
FN:21,System.Collections.Generic.HashSet`1<System.Type> System.Linq.Dynamic.Core.CustomTypeProviders.DefaultDynamicLinqCustomTypeProvider::GetCustomTypes()
FNDA:0,System.Collections.Generic.HashSet`1<System.Type> System.Linq.Dynamic.Core.CustomTypeProviders.DefaultDynamicLinqCustomTypeProvider::GetCustomTypes()
DA:22,0
DA:23,0
DA:24,0
DA:25,0
FN:28,System.Type System.Linq.Dynamic.Core.CustomTypeProviders.DefaultDynamicLinqCustomTypeProvider::ResolveType(System.String)
FNDA:0,System.Type System.Linq.Dynamic.Core.CustomTypeProviders.DefaultDynamicLinqCustomTypeProvider::ResolveType(System.String)
DA:29,0
DA:30,0
DA:32,0
DA:33,0
DA:34,0
FN:17,System.Void System.Linq.Dynamic.Core.CustomTypeProviders.DefaultDynamicLinqCustomTypeProvider::.ctor()
FNDA:0,System.Void System.Linq.Dynamic.Core.CustomTypeProviders.DefaultDynamicLinqCustomTypeProvider::.ctor()
DA:18,0
LF:10
LH:0
BRF:0
BRH:0
FNF:3
FNH:0
end_of_record